[39071 refs]
275 : 1
275 : 2
275 : 3
275 : 4
275 : 5
275 : 6
275 : 7
275 : 8
275 : 9
275 : 10
275 : 11
275 : 12
275 : 13
275 : 14
275 : 15
275 : 16
275 : 17
275 : 18
275 : 19
275 : 20
275 : 21
275 : 22
275 : 23
275 : 24
275 : 25
275 : 26
275 : 27
275 : 28
275 : 29
275 : 30
275 : 31
275 : 32
275 : 33
275 : 34
275 : 35
275 : 36
275 : 37
275 : 38
275 : 39
275 : 40
Traceback (most recent call last):
  File "makeUidLeave.py", line 185, in <module>
    
  File "makeUidLeave.py", line 180, in main
    if __name__ == "__main__":
  File "makeUidLeave.py", line 87, in do
    makeDayLeaveData(i);
  File "makeUidLeave.py", line 95, in makeDayLeaveData
    makeOneUidEverydayAction(uid,dayNum,i);	
  File "makeUidLeave.py", line 137, in makeOneUidEverydayAction
    #global var
  File "makeUidLeave.py", line 168, in insertRecord
    
KeyboardInterrupt
[40060 refs]
259 : 1
259 : 2
259 : 3
259 : 4
259 : 5
259 : 6
259 : 7
259 : 8
259 : 9
259 : 10
259 : 11
259 : 12
259 : 13
259 : 14
259 : 15
259 : 16
259 : 17
259 : 18
259 : 19
259 : 20
259 : 21
259 : 22
259 : 23
259 : 24
259 : 25
259 : 26
259 : 27
259 : 28
259 : 29
259 : 30
259 : 31
259 : 32
259 : 33
259 : 34
259 : 35
259 : 36
259 : 37
259 : 38
259 : 39
259 : 40
259 : 41
259 : 42
259 : 43
259 : 44
259 : 45
259 : 46
259 : 47
259 : 48
259 : 49
259 : 50
259 : 51
259 : 52
259 : 53
259 : 54
259 : 55
259 : 56
259 : 57
259 : 58
259 : 59
259 : 60
259 : 61
259 : 62
Traceback (most recent call last):
  File "makeUidLeave.py", line 185, in <module>
    
  File "makeUidLeave.py", line 180, in main
    if __name__ == "__main__":
  File "makeUidLeave.py", line 87, in do
    makeDayLeaveData(i);
  File "makeUidLeave.py", line 95, in makeDayLeaveData
    makeOneUidEverydayAction(uid,dayNum,i);	
  File "makeUidLeave.py", line 137, in makeOneUidEverydayAction
    #global var
  File "makeUidLeave.py", line 167, in insertRecord
    
  File "/usr/local/lib/python2.7/site-packages/MySQLdb/cursors.py", line 190, in execute
    r = self._query(query)
  File "/usr/local/lib/python2.7/site-packages/MySQLdb/cursors.py", line 354, in _query
    rowcount = self._do_query(q)
  File "/usr/local/lib/python2.7/site-packages/MySQLdb/cursors.py", line 318, in _do_query
    db.query(q)
KeyboardInterrupt
[40060 refs]
2 : 1
3 : 1
3 : 2
4 : 1
4 : 2
4 : 3
5 : 1
5 : 2
5 : 3
5 : 4
6 : 1
6 : 2
6 : 3
6 : 4
6 : 5
7 : 1
7 : 2
7 : 3
7 : 4
7 : 5
7 : 6
8 : 1
8 : 2
8 : 3
8 : 4
8 : 5
8 : 6
8 : 7
9 : 1
9 : 2
9 : 3
9 : 4
9 : 5
9 : 6
9 : 7
9 : 8
10 : 1
10 : 2
10 : 3
10 : 4
10 : 5
10 : 6
10 : 7
10 : 8
10 : 9
11 : 1
11 : 2
11 : 3
11 : 4
11 : 5
11 : 6
11 : 7
11 : 8
11 : 9
11 : 10
12 : 1
12 : 2
12 : 3
12 : 4
12 : 5
12 : 6
12 : 7
12 : 8
12 : 9
12 : 10
12 : 11
13 : 1
13 : 2
13 : 3
13 : 4
13 : 5
13 : 6
13 : 7
13 : 8
13 : 9
13 : 10
13 : 11
13 : 12
14 : 1
14 : 2
14 : 3
14 : 4
14 : 5
14 : 6
14 : 7
14 : 8
14 : 9
14 : 10
14 : 11
14 : 12
14 : 13
15 : 1
15 : 2
15 : 3
15 : 4
15 : 5
15 : 6
15 : 7
15 : 8
15 : 9
15 : 10
15 : 11
15 : 12
15 : 13
15 : 14
[40060 refs]
207 : 1
207 : 2
207 : 3
207 : 4
207 : 5
207 : 6
207 : 7
207 : 8
207 : 9
207 : 10
207 : 11
207 : 12
207 : 13
207 : 14
207 : 15
207 : 16
207 : 17
207 : 18
207 : 19
207 : 20
207 : 21
207 : 22
207 : 23
207 : 24
207 : 25
207 : 26
207 : 27
207 : 28
207 : 29
207 : 30
207 : 31
207 : 32
207 : 33
207 : 34
207 : 35
207 : 36
207 : 37
207 : 38
207 : 39
207 : 40
207 : 41
207 : 42
207 : 43
207 : 44
207 : 45
207 : 46
207 : 47
207 : 48
207 : 49
207 : 50
207 : 51
207 : 52
207 : 53
207 : 54
207 : 55
207 : 56
207 : 57
207 : 58
207 : 59
207 : 60
207 : 61
207 : 62
207 : 63
207 : 64
207 : 65
207 : 66
207 : 67
207 : 68
207 : 69
207 : 70
207 : 71
207 : 72
207 : 73
207 : 74
207 : 75
207 : 76
207 : 77
207 : 78
207 : 79
207 : 80
207 : 81
207 : 82
207 : 83
207 : 84
207 : 85
207 : 86
207 : 87
207 : 88
207 : 89
207 : 90
207 : 91
207 : 92
207 : 93
207 : 94
207 : 95
207 : 96
207 : 97
207 : 98
207 : 99
207 : 100
207 : 101
207 : 102
207 : 103
207 : 104
207 : 105
207 : 106
207 : 107
207 : 108
207 : 109
207 : 110
207 : 111
207 : 112
207 : 113
207 : 114
207 : 115
207 : 116
207 : 117
207 : 118
207 : 119
207 : 120
207 : 121
207 : 122
207 : 123
207 : 124
207 : 125
207 : 126
207 : 127
207 : 128
207 : 129
207 : 130
207 : 131
207 : 132
207 : 133
207 : 134
207 : 135
207 : 136
207 : 137
207 : 138
207 : 139
207 : 140
207 : 141
207 : 142
207 : 143
207 : 144
207 : 145
207 : 146
207 : 147
207 : 148
207 : 149
207 : 150
207 : 151
207 : 152
207 : 153
207 : 154
207 : 155
207 : 156
207 : 157
207 : 158
207 : 159
207 : 160
207 : 161
207 : 162
207 : 163
207 : 164
207 : 165
207 : 166
207 : 167
207 : 168
207 : 169
207 : 170
207 : 171
207 : 172
207 : 173
207 : 174
207 : 175
207 : 176
207 : 177
207 : 178
207 : 179
207 : 180
207 : 181
207 : 182
207 : 183
207 : 184
207 : 185
207 : 186
207 : 187
207 : 188
207 : 189
207 : 190
207 : 191
207 : 192
207 : 193
207 : 194
207 : 195
207 : 196
207 : 197
207 : 198
207 : 199
207 : 200
207 : 201
207 : 202
207 : 203
207 : 204
207 : 205
207 : 206
208 : 1
208 : 2
208 : 3
208 : 4
208 : 5
208 : 6
208 : 7
208 : 8
208 : 9
208 : 10
208 : 11
208 : 12
208 : 13
208 : 14
208 : 15
208 : 16
208 : 17
208 : 18
208 : 19
208 : 20
208 : 21
208 : 22
208 : 23
208 : 24
208 : 25
208 : 26
208 : 27
208 : 28
208 : 29
208 : 30
208 : 31
208 : 32
208 : 33
208 : 34
208 : 35
208 : 36
208 : 37
208 : 38
208 : 39
208 : 40
208 : 41
208 : 42
208 : 43
208 : 44
208 : 45
208 : 46
208 : 47
208 : 48
208 : 49
208 : 50
208 : 51
208 : 52
208 : 53
208 : 54
208 : 55
208 : 56
208 : 57
208 : 58
208 : 59
208 : 60
208 : 61
208 : 62
208 : 63
208 : 64
208 : 65
208 : 66
208 : 67
208 : 68
208 : 69
208 : 70
208 : 71
208 : 72
208 : 73
208 : 74
208 : 75
208 : 76
208 : 77
208 : 78
208 : 79
208 : 80
208 : 81
208 : 82
208 : 83
208 : 84
208 : 85
208 : 86
208 : 87
208 : 88
208 : 89
208 : 90
208 : 91
208 : 92
208 : 93
208 : 94
208 : 95
208 : 96
208 : 97
208 : 98
208 : 99
208 : 100
208 : 101
208 : 102
208 : 103
208 : 104
208 : 105
208 : 106
208 : 107
208 : 108
208 : 109
208 : 110
208 : 111
208 : 112
208 : 113
208 : 114
208 : 115
208 : 116
208 : 117
208 : 118
208 : 119
208 : 120
208 : 121
208 : 122
208 : 123
208 : 124
208 : 125
208 : 126
208 : 127
208 : 128
208 : 129
208 : 130
208 : 131
208 : 132
208 : 133
208 : 134
208 : 135
208 : 136
208 : 137
208 : 138
208 : 139
208 : 140
208 : 141
208 : 142
208 : 143
208 : 144
208 : 145
208 : 146
208 : 147
208 : 148
208 : 149
208 : 150
208 : 151
208 : 152
208 : 153
208 : 154
208 : 155
208 : 156
208 : 157
208 : 158
208 : 159
208 : 160
208 : 161
208 : 162
208 : 163
208 : 164
208 : 165
208 : 166
208 : 167
208 : 168
208 : 169
208 : 170
208 : 171
208 : 172
208 : 173
208 : 174
208 : 175
208 : 176
208 : 177
208 : 178
208 : 179
208 : 180
208 : 181
208 : 182
208 : 183
208 : 184
208 : 185
208 : 186
208 : 187
208 : 188
208 : 189
208 : 190
208 : 191
208 : 192
208 : 193
208 : 194
208 : 195
208 : 196
208 : 197
208 : 198
208 : 199
208 : 200
208 : 201
208 : 202
208 : 203
208 : 204
208 : 205
208 : 206
208 : 207
209 : 1
209 : 2
209 : 3
209 : 4
209 : 5
209 : 6
209 : 7
209 : 8
209 : 9
209 : 10
209 : 11
209 : 12
209 : 13
209 : 14
209 : 15
209 : 16
209 : 17
209 : 18
209 : 19
209 : 20
209 : 21
20212 : 1
212 : 2
212 : 3
212 : 4
212 : 5
212 : 6
212 : 7
212 : 8
212 : 9
212 : 10
212 : 11
212 : 12
212 : 13
212 : 14
212 : 15
212 : 16
212 : 17
212 : 18
212 : 19
212 : 20
212 : 21
212 : 22
212 : 23
212 : 24
212 : 25
212 : 26
212 : 27
212 : 28
212 : 29
212 : 30
212 : 31
212 : 32
212 : 33
212 : 34
212 : 35
212 : 36
212 : 37
212 : 38
212 : 39
212 : 40
212 : 41
212 : 42
212 : 43
212 : 44
212 : 45
212 : 46
212 : 47
212 : 48
212 : 49
212 : 50
212 : 51
212 : 52
212 : 53
212 : 54
212 : 55
212 : 56
212 : 57
212 : 58
212 : 59
212 : 60
212 : 61
212 : 62
212 : 63
212 : 64
212 : 65
212 : 66
212 : 67
212 : 68
212 : 69
212 : 70
212 : 71
212 : 72
212 : 73
212 : 74
212 : 75
212 : 76
212 : 77
212 : 78
212 : 79
212 : 80
212 : 81
212 : 82
212 : 83
212 : 84
212 : 85
212 : 86
212 : 87
212 : 88
212 : 89
212 : 90
212 : 91
212 : 92
212 : 93
212 : 94
212 : 95
212 : 96
212 : 97
212 : 98
212 : 99
212 : 100
212 : 101
212 : 102
212 : 103
212 : 104
212 : 105
212 : 106
212 : 107
212 : 108
212 : 109
212 : 110
212 : 111
212 : 112
212 : 113
212 : 114
212 : 115
212 : 116
212 : 117
212 : 118
212 : 119
212 : 120
212 : 121
212 : 122
212 : 123
212 : 124
212 : 125
212 : 126
212 : 127
212 : 128
212 : 129
212 : 130
212 : 131
212 : 132
212 : 133
212 : 134
212 : 135
212 : 136
212 : 137
212 : 138
212 : 139
212 : 140
212 : 141
212 : 142
212 : 143
212 : 144
212 : 145
212 : 146
212 : 147
212 : 148
212 : 149
212 : 150
212 : 151
212 : 152
212 : 153
212 : 154
212 : 155
212 : 156
212 : 157
212 : 158
212 : 159
212 : 160
212 : 161
212 : 162
212 : 163
212 : 164
212 : 165
212 : 166
212 : 167
212 : 168
212 : 169
212 : 170
212 : 171
212 : 172
212 : 173
212 : 174
212 : 175
212 : 176
212 : 177
212 : 178
212 : 179
212 : 180
212 : 181
212 : 182
212 : 183
212 : 184
212 : 185
212 : 186
212 : 187
212 : 188
212 : 189
212 : 190
212 : 191
212 : 192
212 : 193
212 : 194
212 : 195
212 : 196
212 : 197
212 : 198
212 : 199
212 : 200
212 : 201
212 : 202
212 : 203
212 : 204
212 : 205
212 : 206
212 : 207
212 : 208
212 : 209
212 : 210
212 : 211
213 : 1
213 : 2
213 : 3
213 : 4
213 : 5
213 : 6
213 : 7
213 : 8
213 : 9
213 : 10
213 : 11
213 : 12
213 : 13
213 : 14
213 : 15
213 : 16
213 : 17
213 : 18
213 : 19
213 : 20
213 : 21
213 : 22
213 : 23
213 : 24
213 : 25
213 : 26
213 : 27
213 : 28
213 : 29
213 : 30
213 : 31
213 : 32
213 : 33
213 : 34
213 : 35
213 : 36
213 : 37
213 : 38
213 : 39
213 : 40
213 : 41
213 : 42
213 : 43
213 : 44
213 : 45
213 : 46
213 : 47
213 : 48
213 : 49
213 : 50
213 : 51
213 : 52
213 : 53
213 : 54
213 : 55
213 : 56
213 : 57
213 : 58
213 : 59
213 : 60
213 : 61
213 : 62
213 : 63
213 : 64
213 : 65
213 : 66
213 : 67
213 : 68
213 : 69
213 : 70
213 : 71
213 : 72
213 : 73
213 : 74
213 : 75
213 : 76
213 : 77
213 : 78
213 : 79
213 : 80
213 : 81
213 : 82
213 : 83
213 : 84
213 : 85
213 : 86
213 : 87
213 : 88
213 : 89
213 : 90
213 : 91
213 : 92
213 : 93
213 : 94
213 : 95
213 : 96
213 : 97
213 : 98
213 : 99
213 : 100
213 : 101
213 : 102
213 : 103
213 : 104
213 : 105
213 : 106
213 : 107
213 : 108
213 : 109
213 : 110
213 : 111
213 : 112
213 : 113
213 : 114
213 : 115
213 : 116
213 : 117
213 : 118
213 : 119
213 : 120
213 : 121
213 : 122
213 : 123
213 : 124
213 : 125
213 : 126
213 : 127
213 : 128
213 : 129
213 : 130
213 : 131
213 : 132
213 : 133
213 : 134
213 : 135
213 : 136
213 : 137
213 : 138
213 : 139
213 : 140
213 : 141
213 : 142
213 : 143
213 : 144
213 : 145
213 : 146
213 : 147
213 : 148
213 : 149
213 : 150
213 : 151
213 : 152
213 : 153
213 : 154
213 : 155
213 : 156
213 : 157
213 : 158
213 : 159
213 : 160
213 : 161
213 : 162
213 : 163
213 : 164
213 : 165
213 : 166
213 : 167
213 : 168
213 : 169
213 : 170
213 : 171
213 : 172
213 : 173
213 : 174
213 : 175
213 : 176
213 : 177
213 : 178
213 : 179
213 : 180
213 : 181
213 : 182
213 : 183
213 : 184
213 : 185
213 : 186
213 : 187
213 : 188
213 : 189
213 : 190
213 : 191
213 : 192
213 : 193
213 : 194
213 : 195
213 : 196
213 : 197
213 : 198
213 : 199
213 : 200
213 : 201
213 : 202
213 : 203
213 : 204
213 : 205
213 : 206
213 : 207
213 : 208
213 : 209
213 : 210
213 : 211
213 : 212
214 : 1
214 : 2
214 : 3
214 : 4
214 : 5
214 : 6
214 : 7
214 : 8
214 : 9
214 : 10
2160 : 1
160 : 2
160 : 3
160 : 4
160 : 5
160 : 6
160 : 7
160 : 8
160 : 9
160 : 10
160 : 11
160 : 12
160 : 13
160 : 14
160 : 15
160 : 16
160 : 17
160 : 18
160 : 19
160 : 20
160 : 21
160 : 22
160 : 23
160 : 24
160 : 25
160 : 26
160 : 27
160 : 28
160 : 29
160 : 30
160 : 31
160 : 32
160 : 33
160 : 34
160 : 35
160 : 36
160 : 37
160 : 38
160 : 39
160 : 40
160 : 41
160 : 42
160 : 43
160 : 44
160 : 45
160 : 46
160 : 47
160 : 48
160 : 49
160 : 50
160 : 51
160 : 52
160 : 53
160 : 54
160 : 55
160 : 56
160 : 57
160 : 58
160 : 59
160 : 60
160 : 61
160 : 62
160 : 63
160 : 64
160 : 65
160 : 66
160 : 67
160 : 68
160 : 69
160 : 70
160 : 71
160 : 72
160 : 73
160 : 74
160 : 75
160 : 76
160 : 77
160 : 78
160 : 79
160 : 80
160 : 81
160 : 82
160 : 83
160 : 84
160 : 85
160 : 86
160 : 87
160 : 88
160 : 89
160 : 90
160 : 91
160 : 92
160 : 93
160 : 94
160 : 95
160 : 96
160 : 97
160 : 98
160 : 99
160 : 100
160 : 101
160 : 102
160 : 103
160 : 104
160 : 105
160 : 106
160 : 107
160 : 108
160 : 109
160 : 110
160 : 111
160 : 112
160 : 113
160 : 114
160 : 115
160 : 116
160 : 117
160 : 118
160 : 119
160 : 120
160 : 121
160 : 122
160 : 123
160 : 124
160 : 125
160 : 126
160 : 127
160 : 128
160 : 129
160 : 130
160 : 131
160 : 132
160 : 133
160 : 134
160 : 135
160 : 136
160 : 137
160 : 138
160 : 139
160 : 140
160 : 141
160 : 142
160 : 143
160 : 144
160 : 145
160 : 146
160 : 147
160 : 148
160 : 149
160 : 150
160 : 151
160 : 152
160 : 153
160 : 154
160 : 155
160 : 156
160 : 157
160 : 158
160 : 159
161 : 1
161 : 2
161 : 3
161 : 4
161 : 5
161 : 6
161 : 7
161 : 8
161 : 9
161 : 10
161 : 11
161 : 12
161 : 13
161 : 14
161 : 15
161 : 16
161 : 17
161 : 18
161 : 19
161 : 20
161 : 21
161 : 22
161 : 23
161 : 24
161 : 25
161 : 26
161 : 27
161 : 28
161 : 29
161 : 30
161 : 31
161 : 32
161 : 33
161 : 34
161 : 35
161 : 36
161 : 37
161 : 38
161 : 39
161 : 40
161 : 41
161 : 42
161 : 43
161 : 44
161 : 45
161 : 46
161 : 47
161 : 48
161 : 49
161 : 50
161 : 51
161 : 52
161 : 53
161 : 54
161 : 55
161 : 56
161 : 57
161 : 58
161 : 59
161 : 60
161 : 61
161 : 62
161 : 63
161 : 64
161 : 65
161 : 66
161 : 67
161 : 68
161 : 69
161 : 70
161 : 71
161 : 72
161 : 73
161 : 74
161 : 75
161 : 76
161 : 77
161 : 78
161 : 79
161 : 80
161 : 81
161 : 82
161 : 83
161 : 84
161 : 85
161 : 86
161 : 87
161 : 88
161 : 89
161 : 90
161 : 91
161 : 92
161 : 93
161 : 94
161 : 95
161 : 96
161 : 97
161 : 98
161 : 99
161 : 100
161 : 101
161 : 102
161 : 103
161 : 104
161 : 105
161 : 106
161 : 107
161 : 108
161 : 109
161 : 110
161 : 111
161 : 112
161 : 113
161 : 114
161 : 115
161 : 116
161 : 117
161 : 118
161 : 119
161 : 120
161 : 121
161 : 122
161 : 123
161 : 124
161 : 125
161 : 126
161 : 127
161 : 128
161 : 129
161 : 130
161 : 131
161 : 132
161 : 133
161 : 134
161 : 135
161 : 136
161 : 137
161 : 138
161 : 139
161 : 140
161 : 141
161 : 142
161 : 143
161 : 144
161 : 145
161 : 146
161 : 147
161 : 148
161 : 149
161 : 150
161 : 151
161 : 152
161 : 153
161 : 154
161 : 155
161 : 156
161 : 157
161 : 158
161 : 159
161 : 160
162 : 1
162 : 2
162 : 3
162 : 4
162 : 5
162 : 6
162 : 7
162 : 8
162 : 9
162 : 10
162 : 11
162 : 12
162 : 13
162 : 14
162 : 15
162 : 16
162 : 17
162 : 18
162 : 19
162 : 20
162 : 21
162 : 22
162 : 23
162 : 24
162 : 25
162 : 26
162 : 27
162 : 28
162 : 29
162 : 30
162 : 31
162 : 32
162 : 33
162 : 34
162 : 35
162 : 36
162 : 37
162 : 38
162 : 39
162 : 40
162 : 41
162 : 42
162 : 43
162 : 44
162 : 45
162 : 46
162 : 47
162 : 48
162 : 49
162 : 50
162 : 51
162 : 52
162 : 53
162 : 54
162 : 55
162 : 56
162 : 57
162 : 58
162 : 59
162 : 60
162 : 61
162 : 62
162 : 63
162 : 64
162 : 65
162 : 66
162 : 67
162 : 68
162 : 69
162 : 70
162 : 71
162 : 72
162 : 73
162 : 74
162 : 75
162 : 76
162 : 77
162 : 78
162 : 79
162 : 80
162 : 81
162 : 82
162 : 83
162 : 84
162 : 85
162 : 86
162 : 87
162 : 88
162 : 89
162 : 90
162 : 91
162 : 92
162 : 93
162 : 94
162 : 95
162 : 96
162 : 97
162 : 98
162 : 99
162 : 100
162 : 101
162 : 102
162 : 103
162 : 104
162 : 105
162 : 106
162 : 107
162 : 108
162 : 109
162 : 110
162 : 111
162 : 112
162 : 113
162 : 114
162 : 115
162 : 116
162 : 117
162 : 118
162 : 119
162 : 120
162 : 121
162 : 122
162 : 123
227 : 1
227 : 2
227 : 3
227 : 4
227 : 5
227 : 6
227 : 7
227 : 8
227 : 9
227 : 10
227 : 11
227 : 12
227 : 13
227 : 14
227 : 15
227 : 16
227 : 17
227 : 18
227 : 19
227 : 20
227 : 21
227 : 22
227 : 23
227 : 24
227 : 25
227 : 26
227 : 27
227 : 28
227 : 29
227 : 30
227 : 31
227 : 32
227 : 33
227 : 34
227 : 35
227 : 36
227 : 37
227 : 38
227 : 39
227 : 40
227 : 41
227 : 42
227 : 43
227 : 44
227 : 45
227 : 46
227 : 47
227 : 48
227 : 49
227 : 50
227 : 51
227 : 52
227 : 53
227 : 54
227 : 55
227 : 56
227 : 57
227 : 58
227 : 59
227 : 60
227 : 61
227 : 62
227 : 63
227 : 64
227 : 65
227 : 66
227 : 67
227 : 68
227 : 69
227 : 70
227 : 71
227 : 72
227 : 73
227 : 74
227 : 75
227 : 76
227 : 77
227 : 78
227 : 79
227 : 80
227 : 81
227 : 82
227 : 83
227 : 84
227 : 85
227 : 86
227 : 87
227 : 88
227 : 89
227 : 90
227 : 91
227 : 92
227 : 93
227 : 94
227 : 95
227 : 96
227 : 97
227 : 98
227 : 99
227 : 100
227 : 101
227 : 102
227 : 103
227 : 104
227 : 105
227 : 106
227 : 107
227 : 108
227 : 109
227 : 110
227 : 111
227 : 112
227 : 113
227 : 114
227 : 115
227 : 116
227 : 117
227 : 118
227 : 119
227 : 120
227 : 121
227 : 122
227 : 123
227 : 124
227 : 125
227 : 126
227 : 127
227 : 128
227 : 129
227 : 130
227 : 131
227 : 132
227 : 133
227 : 134
227 : 135
227 : 136
227 : 137
227 : 138
227 : 139
227 : 140
227 : 141
227 : 142
227 : 143
227 : 144
227 : 145
227 : 146
227 : 147
227 : 148
227 : 149
227 : 150
227 : 151
227 : 152
227 : 153
227 : 154
227 : 155
227 : 156
227 : 157
227 : 158
227 : 159
227 : 160
227 : 161
227 : 162
227 : 163
227 : 164
227 : 165
227 : 166
227 : 167
227 : 168
227 : 169
227 : 170
227 : 171
227 : 172
227 : 173
227 : 174
227 : 175
227 : 176
227 : 177
227 : 178
227 : 179
227 : 180
227 : 181
227 : 182
227 : 183
227 : 184
227 : 185
227 : 186
227 : 187
227 : 188
227 : 189
227 : 190
227 : 191
227 : 192
227 : 193
227 : 194
227 : 195
227 : 196
227 : 197
227 : 198
227 : 199
227 : 200
227 : 201
227 : 202
227 : 203
227 : 204
227 : 205
227 : 206
227 : 207
227 : 208
227 : 209
227 : 210
227 : 211
227 : 212
227 : 213
227 : 214
227 : 215
227 : 216
227 : 217
227 : 218
227 : 219
227 : 220
227 : 221
227 : 222
227 : 223
227 : 224
227 : 225
227 : 226
228 : 1
228 : 2
228 : 3
228 : 4
228 : 5
228 : 6
228 : 7
228 : 8
228 : 9
228 : 10
228 : 11
228 : 12
228 : 13
228 : 14
228 : 15
228 : 16
228 : 17
228 : 18
228 : 19
228 : 20
228 : 21
228 : 22
228 : 23
228 : 24
228 : 25
228 : 26
228 : 27
228 : 28
228 : 29
228 : 30
228 : 31
228 : 32
228 : 33
228 : 34
228 : 35
228 : 36
228 : 37
228 : 38
228 : 39
228 : 40
228 : 41
228 : 42
228 : 43
228 : 44
228 : 45
228 : 46
228 : 47
228 : 48
228 : 49
228 : 50
228 : 51
228 : 52
228 : 53
228 : 54
228 : 55
228 : 56
228 : 57
228 : 58
228 : 59
228 : 60
228 : 61
228 : 62
228 : 63
228 : 64
228 : 65
228 : 66
228 : 67
228 : 68
228 : 69
228 : 70
228 : 71
228 : 72
228 : 73
228 : 74
228 : 75
228 : 76
228 : 77
228 : 78
228 : 79
228 : 80
228 : 81
228 : 82
228 : 83
228 : 84
228 : 85
228 : 86
228 : 87
228 : 88
228 : 89
228 : 90
228 : 91
228 : 92
228 : 93
228 : 94
228 : 95
228 : 96
228 : 97
228 : 98
228 : 99
228 : 100
228 : 101
228 : 102
228 : 103
228 : 104
228 : 105
228 : 106
228 : 107
228 : 108
228 : 109
228 : 110
228 : 111
228 : 112
228 : 113
228 : 114
228 : 115
228 : 116
228 : 117
228 : 118
228 : 119
228 : 120
228 : 121
228 : 122
228 : 123
228 : 124
228 : 125
228 : 126
228 : 127
228 : 128
228 : 129
228 : 130
228 : 131
228 : 132
228 : 133
228 : 134
228 : 135
228 : 136
228 : 137
228 : 138
228 : 139
228 : 140
228 : 141
228 : 142
228 : 143
228 : 144
228 : 145
228 : 146
228 : 147
228 : 148
228 : 149
228 : 150
228 : 151
228 : 152
228 : 153
228 : 154
228 : 155
228 : 156
228 : 157
228 : 158
228 : 159
228 : 160
228 : 161
228 : 162
228 : 163
228 : 164
228 : 165
228 : 166
228 : 167
228 : 168
228 : 169
228 : 170
228 : 171
228 : 172
228 : 173
228 : 174
228 : 175
228 : 176
228 : 177
228 : 178
228 : 179
228 : 180
228 : 181
228 : 182
228 : 183
228 : 184
228 : 185
228 : 186
228 : 187
228 : 188
228 : 189
228 : 190
228 : 191
228 : 192
228 : 193
228 : 194
228 : 195
228 : 196
228 : 197
228 : 198
228 : 199
228 : 200
228 : 201
228 : 202
228 : 203
228 : 204
228 : 205
22243 : 1
243 : 2
243 : 3
243 : 4
243 : 5
243 : 6
243 : 7
243 : 8
243 : 9
243 : 10
243 : 11
243 : 12
243 : 13
243 : 14
243 : 15
243 : 16
243 : 17
243 : 18
243 : 19
243 : 20
243 : 21
243 : 22
243 : 23
243 : 24
243 : 25
243 : 26
243 : 27
243 : 28
243 : 29
243 : 30
243 : 31
243 : 32
243 : 33
243 : 34
243 : 35
243 : 36
243 : 37
243 : 38
243 : 39
243 : 40
243 : 41
243 : 42
243 : 43
243 : 44
243 : 45
243 : 46
243 : 47
243 : 48
243 : 49
243 : 50
243 : 51
243 : 52
243 : 53
243 : 54
243 : 55
243 : 56
243 : 57
243 : 58
243 : 59
243 : 60
243 : 61
243 : 62
243 : 63
243 : 64
243 : 65
243 : 66
243 : 67
243 : 68
243 : 69
243 : 70
243 : 71
243 : 72
243 : 73
243 : 74
243 : 75
243 : 76
243 : 77
243 : 78
243 : 79
243 : 80
243 : 81
243 : 82
243 : 83
243 : 84
243 : 85
243 : 86
243 : 87
243 : 88
243 : 89
243 : 90
243 : 91
243 : 92
243 : 93
243 : 94
243 : 95
243 : 96
243 : 97
243 : 98
243 : 99
243 : 100
243 : 101
243 : 102
243 : 103
243 : 104
243 : 105
243 : 106
243 : 107
243 : 108
243 : 109
243 : 110
243 : 111
243 : 112
243 : 113
243 : 114
243 : 115
243 : 116
243 : 117
243 : 118
243 : 119
243 : 120
243 : 121
243 : 122
243 : 123
243 : 124
243 : 125
243 : 126
243 : 127
243 : 128
243 : 129
243 : 130
243 : 131
243 : 132
243 : 133
243 : 134
243 : 135
243 : 136
243 : 137
243 : 138
243 : 139
243 : 140
243 : 141
243 : 142
243 : 143
243 : 144
243 : 145
243 : 146
243 : 147
243 : 148
243 : 149
243 : 150
243 : 151
243 : 152
243 : 153
243 : 154
243 : 155
243 : 156
243 : 157
243 : 158
243 : 159
243 : 160
243 : 161
243 : 162
243 : 163
243 : 164
243 : 165
243 : 166
243 : 167
243 : 168
243 : 169
243 : 170
243 : 171
243 : 172
243 : 173
243 : 174
243 : 175
243 : 176
243 : 177
243 : 178
243 : 179
243 : 180
243 : 181
243 : 182
243 : 183
243 : 184
243 : 185
243 : 186
243 : 187
243 : 188
243 : 189
243 : 190
243 : 191
243 : 192
243 : 193
243 : 194
243 : 195
243 : 196
243 : 197
243 : 198
243 : 199
243 : 200
243 : 201
243 : 202
243 : 203
243 : 204
243 : 205
243 : 206
243 : 207
243 : 208
243 : 209
243 : 210
243 : 211
243 : 212
243 : 213
243 : 214
243 : 215
243 : 216
243 : 217
243 : 218
243 : 219
243 : 220
243 : 221
243 : 222
243 : 223
243 : 224
243 : 225
243 : 226
243 : 227
243 : 228
243 : 229
243 : 230
243 : 231
243 : 232
243 : 233
243 : 234
243 : 235
243 : 236
243 : 237
243 : 238
243 : 239
243 : 240
243 : 241
243 : 242
244 : 1
244 : 2
244 : 3
244 : 4
244 : 5
244 : 6
244 : 7
244 : 8
244 : 9
244 : 10
244 : 11
244 : 12
244 : 13
244 : 14
244 : 15
244 : 16
244 : 17
244 : 18
244 : 19
244 : 20
244 : 21
244 : 22
244 : 23
244 : 24
244 : 25
244 : 26
244 : 27
244 : 28
244 : 29
244 : 30
244 : 31
244 : 32
244 : 33
244 : 34
244 : 35
244 : 36
244 : 37
244 : 38
244 : 39
244 : 40
244 : 41
244 : 42
244 : 43
244 : 44
244 : 45
244 : 46
244 : 47
244 : 48
244 : 49
244 : 50
244 : 51
244 : 52
244 : 53
244 : 54
244 : 55
244 : 56
244 : 57
244 : 58
244 : 59
244 : 60
244 : 61
244 : 62
244 : 63
244 : 64
244 : 65
244 : 66
244 : 67
244 : 68
244 : 69
244 : 70
244 : 71
244 : 72
244 : 73
244 : 74
244 : 75
244 : 76
244 : 77
244 : 78
244 : 79
244 : 80
244 : 81
244 : 82
244 : 83
244 : 84
244 : 85
244 : 86
244 : 87
244 : 88
244 : 89
244 : 90
244 : 91
244 : 92
244 : 93
244 : 94
244 : 95
244 : 96
244 : 97
244 : 98
244 : 99
244 : 100
244 : 101
244 : 102
244 : 103
244 : 104
244 : 105
244 : 106
244 : 107
244 : 108
244 : 109
244 : 110
244 : 111
244 : 112
244 : 113
244 : 114
244 : 115
244 : 116
244 : 117
244 : 118
244 : 119
244 : 120
244 : 121
244 : 122
244 : 123
244 : 124
244 : 125
244 : 126
244 : 127
244 : 128
244 : 129
244 : 130
244 : 131
244 : 132
244 : 133
244 : 134
244 : 135
244 : 136
244 : 137
244 : 138
244 : 139
244 : 140
244 : 141
244 : 142
244 : 143
244 : 144
244 : 145
244 : 146
244 : 147
244 : 148
244 : 149
244 : 150
244 : 151
244 : 152
244 : 153
244 : 154
244 : 155
244 : 156
244 : 157
244 : 158
244 : 159
244 : 160
244 : 161
244 : 162
244 : 163
244 : 164
244 : 165
244 : 166
244 : 167
244 : 168
244 : 169
244 : 170
244 : 171
244 : 172
244 : 173
244 : 174
244 : 175
244 : 176
244 : 177
244 : 178
244 : 179
244 : 180
244 : 181
244 : 182
244 : 183
244 : 184
244 : 185
244 : 186
244 : 187
244 : 188
244 : 189
24145 : 1
145 : 2
145 : 3
145 : 4
145 : 5
145 : 6
145 : 7
145 : 8
145 : 9
145 : 10
145 : 11
145 : 12
145 : 13
145 : 14
145 : 15
145 : 16
145 : 17
145 : 18
145 : 19
145 : 20
145 : 21
145 : 22
145 : 23
145 : 24
145 : 25
145 : 26
145 : 27
145 : 28
145 : 29
145 : 30
145 : 31
145 : 32
145 : 33
145 : 34
145 : 35
145 : 36
145 : 37
145 : 38
145 : 39
145 : 40
145 : 41
145 : 42
145 : 43
145 : 44
145 : 45
145 : 46
145 : 47
145 : 48
145 : 49
145 : 50
145 : 51
145 : 52
145 : 53
145 : 54
145 : 55
145 : 56
145 : 57
145 : 58
145 : 59
145 : 60
145 : 61
145 : 62
145 : 63
145 : 64
145 : 65
145 : 66
145 : 67
145 : 68
145 : 69
145 : 70
145 : 71
145 : 72
145 : 73
145 : 74
145 : 75
145 : 76
145 : 77
145 : 78
145 : 79
145 : 80
145 : 81
145 : 82
145 : 83
145 : 84
145 : 85
145 : 86
145 : 87
145 : 88
145 : 89
145 : 90
145 : 91
145 : 92
145 : 93
145 : 94
145 : 95
145 : 96
145 : 97
145 : 98
145 : 99
145 : 100
145 : 101
145 : 102
145 : 103
145 : 104
145 : 105
145 : 106
145 : 107
145 : 108
145 : 109
145 : 110
145 : 111
145 : 112
145 : 113
145 : 114
145 : 115
145 : 116
145 : 117
145 : 118
145 : 119
145 : 120
145 : 121
145 : 122
145 : 123
145 : 124
145 : 125
145 : 126
145 : 127
145 : 128
145 : 129
145 : 130
145 : 131
145 : 132
145 : 133
145 : 134
145 : 135
145 : 136
145 : 137
145 : 138
145 : 139
145 : 140
145 : 141
145 : 142
145 : 143
145 : 144
146 : 1
146 : 2
146 : 3
146 : 4
146 : 5
146 : 6
146 : 7
146 : 8
146 : 9
146 : 10
146 : 11
146 : 12
146 : 13
146 : 14
146 : 15
146 : 16
146 : 17
146 : 18
146 : 19
146 : 20
146 : 21
146 : 22
146 : 23
146 : 24
146 : 25
146 : 26
146 : 27
146 : 28
146 : 29
146 : 30
146 : 31
146 : 32
146 : 33
146 : 34
146 : 35
146 : 36
146 : 37
146 : 38
146 : 39
146 : 40
146 : 41
146 : 42
146 : 43
146 : 44
146 : 45
146 : 46
146 : 47
146 : 48
146 : 49
146 : 50
146 : 51
146 : 52
146 : 53
146 : 54
146 : 55
146 : 56
146 : 57
146 : 58
146 : 59
146 : 60
146 : 61
146 : 62
146 : 63
146 : 64
146 : 65
146 : 66
146 : 67
146 : 68
146 : 69
146 : 70
146 : 71
146 : 72
146 : 73
146 : 74
146 : 75
146 : 76
146 : 77
146 : 78
146 : 79
146 : 80
146 : 81
146 : 82
146 : 83
146 : 84
146 : 85
146 : 86
146 : 87
146 : 88
146 : 89
146 : 90
146 : 91
146 : 92
146 : 93
146 : 94
146 : 95
146 : 96
146 : 97
146 : 98
146 : 99
146 : 100
146 : 101
146 : 102
146 : 103
146 : 104
146 : 105
146 : 106
146 : 107
146 : 108
146 : 109
146 : 110
146 : 111
146 : 112
146 : 113
146 : 114
146 : 115
146 : 116
146 : 117
146 : 118
146 : 119
146 : 120
146 : 121
146 : 122
146 : 123
146 : 124
146 : 125
146 : 126
146 : 127
146 : 128
146 : 129
146 : 130
146 : 131
146 : 132
146 : 133
146 : 134
146 : 135
146 : 136
146 : 137
146 : 138
146 : 139
146 : 140
146 : 141
146 : 142
146 : 143
146 : 144
146 : 145
147 : 1
147 : 2
147 : 3
147 : 4
147 : 5
147 : 6
147 : 7
147 : 8
147 : 9
147 : 10
147 : 11
147 : 12
147 : 13
147 : 14
147 : 15
147 : 16
147 : 17
147 : 18
147 : 19
147 : 20
147 : 21
147 : 22
147 : 23
147 : 24
147 : 25
147 : 26
147 : 27
147 : 28
147 : 29
147 : 30
147 : 31
147 : 32
147 : 33
147 : 34
147 : 35
147 : 36
147 : 37
147 : 38
147 : 39
147 : 40
147 : 41
147 : 42
147 : 43
147 : 44
147 : 45
147 : 46
147 : 47
147 : 48
147 : 49
147 : 50
147 : 51
147 : 52
147 : 53
147 : 54
147 : 55
147 : 56
147 : 57
147 : 58
147 : 59
147 : 60
147 : 61
147 : 62
147 : 63
147 : 64
147 : 65
147 : 66
147 : 67
147 : 68
147 : 69
147 : 70
147 : 71
147 : 72
147 : 73
147 : 74
147 : 75
147 : 76
147 : 77
147 : 78
147 : 79
147 : 80
147 : 81
147 : 82
147 : 83
147 : 84
147 : 85
147 : 86
147 : 87
147 : 88
147 : 89
147 : 90
147 : 91
147 : 92
147 : 93
147 : 94
147 : 95
147 : 96
147 : 97
147 : 98
147 : 99
147 : 100
147 : 101
147 : 102
147 : 103
147 : 104
147 : 105
147 : 106
147 : 107
147 : 108
147 : 109
147 : 110
147 : 111
147 : 112
147 : 113
147 : 114
147 : 115
147 : 116
147 : 117
147 : 118
147 : 119
147 : 120
147 : 121
147 : 122
147 : 123
147 : 124
147 : 125
147 : 126
147 : 127
147 : 128
147 : 129
147 : 130
147 : 131
147 : 132
147 : 133
147 : 134
147 : 135
147 : 136
147 : 137
147 : 138
147 : 139
147 : 140
147 : 141
147 : 142
147 : 143
147 : 144
147 : 145
147 : 146
148 : 1
148 : 2
148 : 3
148 : 4
148 : 5
148 : 6
148 : 7
148 : 8
148 : 175 : 1
175 : 2
175 : 3
175 : 4
175 : 5
175 : 6
175 : 7
175 : 8
175 : 9
175 : 10
175 : 11
175 : 12
175 : 13
175 : 14
175 : 15
175 : 16
175 : 17
175 : 18
175 : 19
175 : 20
175 : 21
175 : 22
175 : 23
175 : 24
175 : 25
175 : 26
175 : 27
175 : 28
175 : 29
175 : 30
175 : 31
175 : 32
175 : 33
175 : 34
175 : 35
175 : 36
175 : 37
175 : 38
175 : 39
175 : 40
175 : 41
175 : 42
175 : 43
175 : 44
175 : 45
175 : 46
175 : 47
175 : 48
175 : 49
175 : 50
175 : 51
175 : 52
175 : 53
175 : 54
175 : 55
175 : 56
175 : 57
175 : 58
175 : 59
175 : 60
175 : 61
175 : 62
175 : 63
175 : 64
175 : 65
175 : 66
175 : 67
175 : 68
175 : 69
175 : 70
175 : 71
175 : 72
175 : 73
175 : 74
175 : 75
175 : 76
175 : 77
175 : 78
175 : 79
175 : 80
175 : 81
175 : 82
175 : 83
175 : 84
175 : 85
175 : 86
175 : 87
175 : 88
175 : 89
175 : 90
175 : 91
175 : 92
175 : 93
175 : 94
175 : 95
175 : 96
175 : 97
175 : 98
175 : 99
175 : 100
175 : 101
175 : 102
175 : 103
175 : 104
175 : 105
175 : 106
175 : 107
175 : 108
175 : 109
175 : 110
175 : 111
175 : 112
175 : 113
175 : 114
175 : 115
175 : 116
175 : 117
175 : 118
175 : 119
175 : 120
175 : 121
175 : 122
175 : 123
175 : 124
175 : 125
175 : 126
175 : 127
175 : 128
175 : 129
175 : 130
175 : 131
175 : 132
175 : 133
175 : 134
175 : 135
175 : 136
175 : 137
175 : 138
175 : 139
175 : 140
175 : 141
175 : 142
175 : 143
175 : 144
175 : 145
175 : 146
175 : 147
175 : 148
175 : 149
175 : 150
175 : 151
175 : 152
175 : 153
175 : 154
175 : 155
175 : 156
175 : 157
175 : 158
175 : 159
175 : 160
175 : 161
175 : 162
175 : 163
175 : 164
175 : 165
175 : 166
175 : 167
175 : 168
175 : 169
175 : 170
175 : 171
175 : 172
175 : 173
175 : 174
176 : 1
176 : 2
176 : 3
176 : 4
176 : 5
176 : 6
176 : 7
176 : 8
176 : 9
176 : 10
176 : 11
176 : 12
176 : 13
176 : 14
176 : 15
176 : 16
176 : 17
176 : 18
176 : 19
176 : 20
176 : 21
176 : 22
176 : 23
176 : 24
176 : 25
176 : 26
176 : 27
176 : 28
176 : 29
176 : 30
176 : 31
176 : 32
176 : 33
176 : 34
176 : 35
176 : 36
176 : 37
176 : 38
176 : 39
176 : 40
176 : 41
176 : 42
176 : 43
176 : 44
176 : 45
176 : 46
176 : 47
176 : 48
176 : 49
176 : 50
176 : 51
176 : 52
176 : 53
176 : 54
176 : 55
176 : 56
176 : 57
176 : 58
176 : 59
176 : 60
176 : 61
176 : 62
176 : 63
176 : 64
176 : 65
176 : 66
176 : 67
176 : 68
176 : 69
176 : 70
176 : 71
176 : 72
176 : 73
176 : 74
176 : 75
176 : 76
176 : 77
176 : 78
176 : 79
176 : 80
176 : 81
176 : 82
176 : 83
176 : 84
176 : 85
176 : 86
176 : 87
176 : 88
176 : 89
176 : 90
176 : 91
176 : 92
176 : 93
176 : 94
176 : 95
176 : 96
176 : 97
176 : 98
176 : 99
176 : 100
176 : 101
176 : 102
176 : 103
176 : 104
176 : 105
176 : 106
176 : 107
176 : 108
176 : 109
176 : 110
176 : 111
176 : 112
176 : 113
176 : 114
176 : 115
176 : 116
176 : 117
176 : 118
176 : 119
176 : 120
176 : 121
176 : 122
176 : 123
176 : 124
176 : 125
176 : 126
176 : 127
176 : 128
176 : 129
176 : 130
176 : 131
176 : 132
176 : 133
176 : 134
176 : 135
176 : 136
176 : 137
176 : 138
176 : 139
176 : 140
176 : 141
176 : 142
176 : 143
176 : 144
176 : 145
176 : 146
176 : 147
176 : 148
176 : 149
176 : 150
176 : 151
176 : 152
176 : 153
176 : 154
176 : 155
176 : 156
176 : 157
176 : 158
176 : 159
176 : 160
176 : 161
176 : 162
176 : 163
176 : 164
176 : 165
176 : 166
176 : 167
176 : 168
176 : 169
176 : 170
176 : 171
176 : 172
176 : 173
176 : 174
176 : 175
177 : 1
177 : 2
177 : 3
177 : 4
177 : 5
177 : 6
177 : 7
177 : 8
177 : 9
177 : 10
177 : 11
177 : 12
177 : 13
177 : 14
177 : 15
177 : 16
177 : 17
177 : 18
177 : 19
177 : 20
177 : 21
177 : 22
177 : 23
177 : 24
177 : 25
177 : 26
177 : 27
177 : 28
177 : 29
177 : 30
177 : 31
177 : 32
177 : 33
177 : 34
177 : 35
177 : 36
177 : 37
177 : 38
177 : 39
177 : 40
177 : 41
177 : 42
177 : 43
177 : 44
177 : 45
177 : 46
177 : 47
177 : 48
177 : 49
177 : 50
177 : 51
177 : 52
177 : 53
177 : 54
177 : 55
177 : 56
177 : 57
177 : 58
177 : 59
177 : 60
177 : 61
177 : 62
177 : 63
177 : 64
177 : 65
177 : 66
177 : 67
177 : 68
177 : 69
177 : 70
177 : 71
177 : 72
177 : 73
177 : 74
177 : 75
177 : 76
177 : 77
177 : 78
177 : 79
177 : 80
177 : 81
177 : 82
177 : 83
177 : 84
177 : 85
177 : 86
177 : 87
177 : 88
177 : 89
177 : 90
177 : 91
177 : 92
177191 : 1
191 : 2
191 : 3
191 : 4
191 : 5
191 : 6
191 : 7
191 : 8
191 : 9
191 : 10
191 : 11
191 : 12
191 : 13
191 : 14
191 : 15
191 : 16
191 : 17
191 : 18
191 : 19
191 : 20
191 : 21
191 : 22
191 : 23
191 : 24
191 : 25
191 : 26
191 : 27
191 : 28
191 : 29
191 : 30
191 : 31
191 : 32
191 : 33
191 : 34
191 : 35
191 : 36
191 : 37
191 : 38
191 : 39
191 : 40
191 : 41
191 : 42
191 : 43
191 : 44
191 : 45
191 : 46
191 : 47
191 : 48
191 : 49
191 : 50
191 : 51
191 : 52
191 : 53
191 : 54
191 : 55
191 : 56
191 : 57
191 : 58
191 : 59
191 : 60
191 : 61
191 : 62
191 : 63
191 : 64
191 : 65
191 : 66
191 : 67
191 : 68
191 : 69
191 : 70
191 : 71
191 : 72
191 : 73
191 : 74
191 : 75
191 : 76
191 : 77
191 : 78
191 : 79
191 : 80
191 : 81
191 : 82
191 : 83
191 : 84
191 : 85
191 : 86
191 : 87
191 : 88
191 : 89
191 : 90
191 : 91
191 : 92
191 : 93
191 : 94
191 : 95
191 : 96
191 : 97
191 : 98
191 : 99
191 : 100
191 : 101
191 : 102
191 : 103
191 : 104
191 : 105
191 : 106
191 : 107
191 : 108
191 : 109
191 : 110
191 : 111
191 : 112
191 : 113
191 : 114
191 : 115
191 : 116
191 : 117
191 : 118
191 : 119
191 : 120
191 : 121
191 : 122
191 : 123
191 : 124
191 : 125
191 : 126
191 : 127
191 : 128
191 : 129
191 : 130
191 : 131
191 : 132
191 : 133
191 : 134
191 : 135
191 : 136
191 : 137
191 : 138
191 : 139
191 : 140
191 : 141
191 : 142
191 : 143
191 : 144
191 : 145
191 : 146
191 : 147
191 : 148
191 : 149
191 : 150
191 : 151
191 : 152
191 : 153
191 : 154
191 : 155
191 : 156
191 : 157
191 : 158
191 : 159
191 : 160
191 : 161
191 : 162
191 : 163
191 : 164
191 : 165
191 : 166
191 : 167
191 : 168
191 : 169
191 : 170
191 : 171
191 : 172
191 : 173
191 : 174
191 : 175
191 : 176
191 : 177
191 : 178
191 : 179
191 : 180
191 : 181
191 : 182
191 : 183
191 : 184
191 : 185
191 : 186
191 : 187
191 : 188
191 : 189
191 : 190
192 : 1
192 : 2
192 : 3
192 : 4
192 : 5
192 : 6
192 : 7
192 : 8
192 : 9
192 : 10
192 : 11
192 : 12
192 : 13
192 : 14
192 : 15
192 : 16
192 : 17
192 : 18
192 : 19
192 : 20
192 : 21
192 : 22
192 : 23
192 : 24
192 : 25
192 : 26
192 : 27
192 : 28
192 : 29
192 : 30
192 : 31
192 : 32
192 : 33
192 : 34
192 : 35
192 : 36
192 : 37
192 : 38
192 : 39
192 : 40
192 : 41
192 : 42
192 : 43
192 : 44
192 : 45
192 : 46
192 : 47
192 : 48
192 : 49
192 : 50
192 : 51
192 : 52
192 : 53
192 : 54
192 : 55
192 : 56
192 : 57
192 : 58
192 : 59
192 : 60
192 : 61
192 : 62
192 : 63
192 : 64
192 : 65
192 : 66
192 : 67
192 : 68
192 : 69
192 : 70
192 : 71
192 : 72
192 : 73
192 : 74
192 : 75
192 : 76
192 : 77
192 : 78
192 : 79
192 : 80
192 : 81
192 : 82
192 : 83
192 : 84
192 : 85
192 : 86
192 : 87
192 : 88
192 : 89
192 : 90
192 : 91
192 : 92
192 : 93
192 : 94
192 : 95
192 : 96
192 : 97
192 : 98
192 : 99
192 : 100
192 : 101
192 : 102
192 : 103
192 : 104
192 : 105
192 : 106
192 : 107
192 : 108
192 : 109
192 : 110
192 : 111
192 : 112
192 : 113
192 : 114
192 : 115
192 : 116
192 : 117
192 : 118
192 : 119
192 : 120
192 : 121
192 : 122
192 : 123
192 : 124
192 : 125
192 : 126
192 : 127
192 : 128
192 : 129
192 : 130
192 : 131
192 : 132
192 : 133
192 : 134
192 : 135
192 : 136
192 : 137
192 : 138
192 : 139
192 : 140
192 : 141
192 : 142
192 : 143
192 : 144
192 : 145
192 : 146
192 : 147
192 : 148
192 : 149
192 : 150
192 : 151
192 : 152
192 : 153
192 : 154
192 : 155
192 : 156
192 : 157
192 : 158
192 : 159
192 : 160
192 : 161
192 : 162
192 : 163
192 : 164
192 : 165
192 : 166
192 : 167
192 : 168
192 : 169
192 : 170
192 : 171
192 : 172
192 : 173
192 : 174
192 : 175
192 : 176
192 : 177
192 : 178
192 : 179
192 : 180
192 : 181
192 : 182
192 : 183
192 : 184
192 : 185
192 : 186
192 : 187
192 : 188
192 : 189
192 : 190
192 : 191
193 : 1
193 : 2
193 : 3
193 : 4
193 : 5
193 : 6
193 : 7
193 : 8
193 : 9
193 : 10
193 : 11
193 : 12
193 : 13
193 : 14
193 : 15
193 : 16
193 : 17
193 : 18
193 : 19
193 : 20
193 : 21
193 : 22
193 : 23
193 : 24
193 : 25
193 : 26
193 : 27
193 : 28
193 : 29
193 : 30
193 : 31
193 : 32
193 : 33
193 : 34
193 : 35
193 : 36
193 : 37
193 : 38
193 : 39
193 : 40
193 : 41
193 : 42
193 : 43
193 : 44
193 : 45
193 : 46
193 : 47
193 : 48
193 : 49
193 : 50
193 : 51
193 : 52
193 : 53
193 : 54
193 : 55
193 : 56
193 : 5115 : 1
115 : 2
115 : 3
115 : 4
115 : 5
115 : 6
115 : 7
115 : 8
115 : 9
115 : 10
115 : 11
115 : 12
115 : 13
115 : 14
115 : 15
115 : 16
115 : 17
115 : 18
115 : 19
115 : 20
115 : 21
115 : 22
115 : 23
115 : 24
115 : 25
115 : 26
115 : 27
115 : 28
115 : 29
115 : 30
115 : 31
115 : 32
115 : 33
115 : 34
115 : 35
115 : 36
115 : 37
115 : 38
115 : 39
115 : 40
115 : 41
115 : 42
115 : 43
115 : 44
115 : 45
115 : 46
115 : 47
115 : 48
115 : 49
115 : 50
115 : 51
115 : 52
115 : 53
115 : 54
115 : 55
115 : 56
115 : 57
115 : 58
115 : 59
115 : 60
115 : 61
115 : 62
115 : 63
115 : 64
115 : 65
115 : 66
115 : 67
115 : 68
115 : 69
115 : 70
115 : 71
115 : 72
115 : 73
115 : 74
115 : 75
115 : 76
115 : 77
115 : 78
115 : 79
115 : 80
115 : 81
115 : 82
115 : 83
115 : 84
115 : 85
115 : 86
115 : 87
115 : 88
115 : 89
115 : 90
115 : 91
115 : 92
115 : 93
115 : 94
115 : 95
115 : 96
115 : 97
115 : 98
115 : 99
115 : 100
115 : 101
115 : 102
115 : 103
115 : 104
115 : 105
115 : 106
115 : 107
115 : 108
115 : 109
115 : 110
115 : 111
115 : 112
115 : 113
115 : 114
116 : 1
116 : 2
116 : 3
116 : 4
116 : 5
116 : 6
116 : 7
116 : 8
116 : 9
116 : 10
116 : 11
116 : 12
116 : 13
116 : 14
116 : 15
116 : 16
116 : 17
116 : 18
116 : 19
116 : 20
116 : 21
116 : 22
116 : 23
116 : 24
116 : 25
116 : 26
116 : 27
116 : 28
116 : 29
116 : 30
116 : 31
116 : 32
116 : 33
116 : 34
116 : 35
116 : 36
116 : 37
116 : 38
116 : 39
116 : 40
116 : 41
116 : 42
116 : 43
116 : 44
116 : 45
116 : 46
116 : 47
116 : 48
116 : 49
116 : 50
116 : 51
116 : 52
116 : 53
116 : 54
116 : 55
116 : 56
116 : 57
116 : 58
116 : 59
116 : 60
116 : 61
116 : 62
116 : 63
116 : 64
116 : 65
116 : 66
116 : 67
116 : 68
116 : 69
116 : 70
116 : 71
116 : 72
116 : 73
116 : 74
116 : 75
116 : 76
116 : 77
116 : 78
116 : 79
116 : 80
116 : 81
116 : 82
116 : 83
116 : 84
116 : 85
116 : 86
116 : 87
116 : 88
116 : 89
116 : 90
116 : 91
116 : 92
116 : 93
116 : 94
116 : 95
116 : 96
116 : 97
116 : 98
116 : 99
116 : 100
116 : 101
116 : 102
116 : 103
116 : 104
116 : 105
116 : 106
116 : 107
116 : 108
116 : 109
116 : 110
116 : 111
116 : 112
116 : 113
116 : 114
116 : 115
117 : 1
117 : 2
117 : 3
117 : 4
117 : 5
117 : 6
117 : 7
117 : 8
117 : 9
117 : 10
117 : 11
117 : 12
117 : 13
117 : 14
117 : 15
117 : 16
117 : 17
117 : 18
117 : 19
117 : 20
117 : 21
117 : 22
117 : 23
117 : 24
117 : 25
117 : 26
117 : 27
117 : 28
117 : 29
117 : 30
117 : 31
117 : 32
117 : 33
117 : 34
117 : 35
117 : 36
117 : 37
117 : 38
117 : 39
117 : 40
117 : 41
117 : 42
117 : 43
117 : 44
117 : 45
117 : 46
117 : 47
117 : 48
117 : 49
117 : 50
117 : 51
117 : 52
117 : 53
117 : 54
117 : 55
117 : 56
117 : 57
117 : 58
117 : 59
117 : 60
117 : 61
117 : 62
117 : 63
117 : 64
117 : 65
117 : 66
117 : 67
117 : 68
117 : 69
117 : 70
117 : 71
117 : 72
117 : 73
117 : 74
117 : 75
117 : 76
117 : 77
117 : 78
117 : 79
117 : 80
117 : 81
117 : 82
117 : 83
117 : 84
117 : 85
117 : 86
117 : 87
117 : 88
117 : 89
117 : 90
117 : 91
117 : 92
117 : 93
117 : 94
117 : 95
117 : 96
117 : 97
117 : 98
117 : 99
117 : 100
117 : 101
117 : 102
117 : 103
117 : 104
117 : 105
117 : 106
117 : 107
117 : 108
117 : 109
117 : 110
117 : 111
117 : 112
117 : 113
117 : 114
117 : 115
117 : 116
118 : 1
118 : 2
118 : 3
118 : 4
118 : 5
118 : 6
118 : 7
118 : 8
118 : 9
118 : 10
118 : 11
118 : 12
118 : 13
118 : 14
118 : 15
118 : 16
118 : 17
118 : 18
118 : 19
118 : 20
118 : 21
118 : 22
118 : 23
118 : 24
118 : 25
118 : 26
118 : 27
118 : 28
118 : 29
118 : 30
118 : 31
118 : 32
118 : 33
118 : 34
118 : 35
118 : 36
118 : 37
118 : 38
118 : 39
118 : 40
118 : 41
118 : 42
118 : 43
118 : 44
118 : 45
118 : 46
118 : 47
118 : 48
118 : 49
118 : 50
118 : 51
118 : 52
118 : 53
118 : 54
118 : 55
118 : 56
118 : 57
118 : 58
118 : 59
118 : 60
118 : 61
118 : 62
118 : 63
118 : 64
118 : 65
118 : 66
118 : 67
118 : 68
118 : 69
118 : 70
118 : 71
118 : 72
118 : 73
118 : 74
118 : 75
118 : 76
118 : 77
118 : 78
118 : 79
118 : 80
118 : 81
118 : 82
118 : 83
118 : 84
118 : 85
118 : 86
118 : 87
118 : 88
118 : 89
118 : 90
118 : 91
118 : 92
118 : 93
118 : 94
118 : 95
118 : 96
118 : 97
118 : 98
118 : 99
118 : 100
118 : 101
118 : 102
118 : 103
118 : 104
118 : 105
118 : 106
118 : 107
118 : 10100 : 1
100 : 2
100 : 3
100 : 4
100 : 5
100 : 6
100 : 7
100 : 8
100 : 9
100 : 10
100 : 11
100 : 12
100 : 13
100 : 14
100 : 15
100 : 16
100 : 17
100 : 18
100 : 19
100 : 20
100 : 21
100 : 22
100 : 23
100 : 24
100 : 25
100 : 26
100 : 27
100 : 28
100 : 29
100 : 30
100 : 31
100 : 32
100 : 33
100 : 34
100 : 35
100 : 36
100 : 37
100 : 38
100 : 39
100 : 40
100 : 41
100 : 42
100 : 43
100 : 44
100 : 45
100 : 46
100 : 47
100 : 48
100 : 49
100 : 50
100 : 51
100 : 52
100 : 53
100 : 54
100 : 55
100 : 56
100 : 57
100 : 58
100 : 59
100 : 60
100 : 61
100 : 62
100 : 63
100 : 64
100 : 65
100 : 66
100 : 67
100 : 68
100 : 69
100 : 70
100 : 71
100 : 72
100 : 73
100 : 74
100 : 75
100 : 76
100 : 77
100 : 78
100 : 79
100 : 80
100 : 81
100 : 82
100 : 83
100 : 84
100 : 85
100 : 86
100 : 87
100 : 88
100 : 89
100 : 90
100 : 91
100 : 92
100 : 93
100 : 94
100 : 95
100 : 96
100 : 97
100 : 98
100 : 99
101 : 1
101 : 2
101 : 3
101 : 4
101 : 5
101 : 6
101 : 7
101 : 8
101 : 9
101 : 10
101 : 11
101 : 12
101 : 13
101 : 14
101 : 15
101 : 16
101 : 17
101 : 18
101 : 19
101 : 20
101 : 21
101 : 22
101 : 23
101 : 24
101 : 25
101 : 26
101 : 27
101 : 28
101 : 29
101 : 30
101 : 31
101 : 32
101 : 33
101 : 34
101 : 35
101 : 36
101 : 37
101 : 38
101 : 39
101 : 40
101 : 41
101 : 42
101 : 43
101 : 44
101 : 45
101 : 46
101 : 47
101 : 48
101 : 49
101 : 50
101 : 51
101 : 52
101 : 53
101 : 54
101 : 55
101 : 56
101 : 57
101 : 58
101 : 59
101 : 60
101 : 61
101 : 62
101 : 63
101 : 64
101 : 65
101 : 66
101 : 67
101 : 68
101 : 69
101 : 70
101 : 71
101 : 72
101 : 73
101 : 74
101 : 75
101 : 76
101 : 77
101 : 78
101 : 79
101 : 80
101 : 81
101 : 82
101 : 83
101 : 84
101 : 85
101 : 86
101 : 87
101 : 88
101 : 89
101 : 90
101 : 91
101 : 92
101 : 93
101 : 94
101 : 95
101 : 96
101 : 97
101 : 98
101 : 99
101 : 100
102 : 1
102 : 2
102 : 3
102 : 4
102 : 5
102 : 6
102 : 7
102 : 8
102 : 9
102 : 10
102 : 11
102 : 12
102 : 13
102 : 14
102 : 15
102 : 16
102 : 17
102 : 18
102 : 19
102 : 20
102 : 21
102 : 22
102 : 23
102 : 24
102 : 25
102 : 26
102 : 27
102 : 28
102 : 29
102 : 30
102 : 31
102 : 32
102 : 33
102 : 34
102 : 35
102 : 36
102 : 37
102 : 38
102 : 39
102 : 40
102 : 41
102 : 42
102 : 43
102 : 44
102 : 45
102 : 46
102 : 47
102 : 48
102 : 49
102 : 50
102 : 51
102 : 52
102 : 53
102 : 54
102 : 55
102 : 56
102 : 57
102 : 58
102 : 59
102 : 60
102 : 61
102 : 62
102 : 63
102 : 64
102 : 65
102 : 66
102 : 67
102 : 68
102 : 69
102 : 70
102 : 71
102 : 72
102 : 73
102 : 74
102 : 75
102 : 76
102 : 77
102 : 78
102 : 79
102 : 80
102 : 81
102 : 82
102 : 83
102 : 84
102 : 85
102 : 86
102 : 87
102 : 88
102 : 89
102 : 90
102 : 91
102 : 92
102 : 93
102 : 94
102 : 95
102 : 96
102 : 97
102 : 98
102 : 99
102 : 100
102 : 101
103 : 1
103 : 2
103 : 3
103 : 4
103 : 5
103 : 6
103 : 7
103 : 8
103 : 9
103 : 10
103 : 11
103 : 12
103 : 13
103 : 14
103 : 15
103 : 16
103 : 17
103 : 18
103 : 19
103 : 20
103 : 21
103 : 22
103 : 23
103 : 24
103 : 25
103 : 26
103 : 27
103 : 28
103 : 29
103 : 30
103 : 31
103 : 32
103 : 33
103 : 34
103 : 35
103 : 36
103 : 37
103 : 38
103 : 39
103 : 40
103 : 41
103 : 42
103 : 43
103 : 44
103 : 45
103 : 46
103 : 47
103 : 48
103 : 49
103 : 50
103 : 51
103 : 52
103 : 53
103 : 54
103 : 55
103 : 56
103 : 57
103 : 58
103 : 59
103 : 60
103 : 61
103 : 62
103 : 63
103 : 64
103 : 65
103 : 66
103 : 67
103 : 68
103 : 69
103 : 70
103 : 71
103 : 72
103 : 73
103 : 74
103 : 75
103 : 76
103 : 77
103 : 78
103 : 79
103 : 80
103 : 81
103 : 82
103 : 83
103 : 84
103 : 85
103 : 86
103 : 87
103 : 88
103 : 89
103 : 90
103 : 91
103 : 92
103 : 93
103 : 94
103 : 95
103 : 96
103 : 97
103 : 98
103 : 99
103 : 100
103 : 101
103 : 102
104 : 1
104 : 2
104 : 3
104 : 4
104 : 5
104 : 6
104 : 7
104 : 8
104 : 9
104 : 10
104 : 11
104 : 12
104 : 13
104 : 14
104 : 15
104 : 16
104 : 17
104 : 18
104 : 19
104 : 20
104 : 21
104 : 22
104 : 23
104 : 24
104 : 25
104 : 26
104 : 27
104 : 28
104 : 29
104 : 30
104 : 31
104 : 32
104 : 33
104 : 34
104 : 35
104 : 36
104 : 37
104 : 38
104 : 39
104 : 40
104 : 41
104 : 42
104 : 43
104 : 44
104 : 45
104 : 46
104 : 47
104 : 48
104 : 49
104 : 50
104 : 51
104 : 52
104 : 53
104 : 54
104 : 55
104 : 56
104 : 57
104 130 : 1
130 : 2
130 : 3
130 : 4
130 : 5
130 : 6
130 : 7
130 : 8
130 : 9
130 : 10
130 : 11
130 : 12
130 : 13
130 : 14
130 : 15
130 : 16
130 : 17
130 : 18
130 : 19
130 : 20
130 : 21
130 : 22
130 : 23
130 : 24
130 : 25
130 : 26
130 : 27
130 : 28
130 : 29
130 : 30
130 : 31
130 : 32
130 : 33
130 : 34
130 : 35
130 : 36
130 : 37
130 : 38
130 : 39
130 : 40
130 : 41
130 : 42
130 : 43
130 : 44
130 : 45
130 : 46
130 : 47
130 : 48
130 : 49
130 : 50
130 : 51
130 : 52
130 : 53
130 : 54
130 : 55
130 : 56
130 : 57
130 : 58
130 : 59
130 : 60
130 : 61
130 : 62
130 : 63
130 : 64
130 : 65
130 : 66
130 : 67
130 : 68
130 : 69
130 : 70
130 : 71
130 : 72
130 : 73
130 : 74
130 : 75
130 : 76
130 : 77
130 : 78
130 : 79
130 : 80
130 : 81
130 : 82
130 : 83
130 : 84
130 : 85
130 : 86
130 : 87
130 : 88
130 : 89
130 : 90
130 : 91
130 : 92
130 : 93
130 : 94
130 : 95
130 : 96
130 : 97
130 : 98
130 : 99
130 : 100
130 : 101
130 : 102
130 : 103
130 : 104
130 : 105
130 : 106
130 : 107
130 : 108
130 : 109
130 : 110
130 : 111
130 : 112
130 : 113
130 : 114
130 : 115
130 : 116
130 : 117
130 : 118
130 : 119
130 : 120
130 : 121
130 : 122
130 : 123
130 : 124
130 : 125
130 : 126
130 : 127
130 : 128
130 : 129
131 : 1
131 : 2
131 : 3
131 : 4
131 : 5
131 : 6
131 : 7
131 : 8
131 : 9
131 : 10
131 : 11
131 : 12
131 : 13
131 : 14
131 : 15
131 : 16
131 : 17
131 : 18
131 : 19
131 : 20
131 : 21
131 : 22
131 : 23
131 : 24
131 : 25
131 : 26
131 : 27
131 : 28
131 : 29
131 : 30
131 : 31
131 : 32
131 : 33
131 : 34
131 : 35
131 : 36
131 : 37
131 : 38
131 : 39
131 : 40
131 : 41
131 : 42
131 : 43
131 : 44
131 : 45
131 : 46
131 : 47
131 : 48
131 : 49
131 : 50
131 : 51
131 : 52
131 : 53
131 : 54
131 : 55
131 : 56
131 : 57
131 : 58
131 : 59
131 : 60
131 : 61
131 : 62
131 : 63
131 : 64
131 : 65
131 : 66
131 : 67
131 : 68
131 : 69
131 : 70
131 : 71
131 : 72
131 : 73
131 : 74
131 : 75
131 : 76
131 : 77
131 : 78
131 : 79
131 : 80
131 : 81
131 : 82
131 : 83
131 : 84
131 : 85
131 : 86
131 : 87
131 : 88
131 : 89
131 : 90
131 : 91
131 : 92
131 : 93
131 : 94
131 : 95
131 : 96
131 : 97
131 : 98
131 : 99
131 : 100
131 : 101
131 : 102
131 : 103
131 : 104
131 : 105
131 : 106
131 : 107
131 : 108
131 : 109
131 : 110
131 : 111
131 : 112
131 : 113
131 : 114
131 : 115
131 : 116
131 : 117
131 : 118
131 : 119
131 : 120
131 : 121
131 : 122
131 : 123
131 : 124
131 : 125
131 : 126
131 : 127
131 : 128
131 : 129
131 : 130
132 : 1
132 : 2
132 : 3
132 : 4
132 : 5
132 : 6
132 : 7
132 : 8
132 : 9
132 : 10
132 : 11
132 : 12
132 : 13
132 : 14
132 : 15
132 : 16
132 : 17
132 : 18
132 : 19
132 : 20
132 : 21
132 : 22
132 : 23
132 : 24
132 : 25
132 : 26
132 : 27
132 : 28
132 : 29
132 : 30
132 : 31
132 : 32
132 : 33
132 : 34
132 : 35
132 : 36
132 : 37
132 : 38
132 : 39
132 : 40
132 : 41
132 : 42
132 : 43
132 : 44
132 : 45
132 : 46
132 : 47
132 : 48
132 : 49
132 : 50
132 : 51
132 : 52
132 : 53
132 : 54
132 : 55
132 : 56
132 : 57
132 : 58
132 : 59
132 : 60
132 : 61
132 : 62
132 : 63
132 : 64
132 : 65
132 : 66
132 : 67
132 : 68
132 : 69
132 : 70
132 : 71
132 : 72
132 : 73
132 : 74
132 : 75
132 : 76
132 : 77
132 : 78
132 : 79
132 : 80
132 : 81
132 : 82
132 : 83
132 : 84
132 : 85
132 : 86
132 : 87
132 : 88
132 : 89
132 : 90
132 : 91
132 : 92
132 : 93
132 : 94
132 : 95
132 : 96
132 : 97
132 : 98
132 : 99
132 : 100
132 : 101
132 : 102
132 : 103
132 : 104
132 : 105
132 : 106
132 : 107
132 : 108
132 : 109
132 : 110
132 : 111
132 : 112
132 : 113
132 : 114
132 : 115
132 : 116
132 : 117
132 : 118
132 : 119
132 : 120
132 : 121
132 : 122
132 : 123
132 : 124
132 : 125
132 : 126
132 : 127
132 : 128
132 : 129
132 : 130
132 : 131
133 : 1
133 : 2
133 : 3
133 : 4
133 : 5
133 : 6
133 : 7
133 : 8
133 : 9
133 : 10
133 : 11
133 : 12
133 : 13
133 : 14
133 : 15
133 : 16
133 : 17
133 : 18
133 : 19
133 : 20
133 : 21
133 : 22
133 : 23
133 : 24
133 : 25
133 : 26
133 : 27
133 : 28
133 : 29
133 : 30
133 : 31
133 : 32
133 : 33
133 : 34
133 : 35
133 : 36
133 : 37
133 : 38
133 : 39
133 : 40
133 : 41
133 : 42
133 : 43
133 : 44
133 : 45
133 : 46
133 : 47
133 : 48
133 : 49
133 : 50
133 : 51
133 : 52
133 : 53
133 : 54
133 : 55
133 : 56
133 : 57
133 : 58
133 : 585 : 1
85 : 2
85 : 3
85 : 4
85 : 5
85 : 6
85 : 7
85 : 8
85 : 9
85 : 10
85 : 11
85 : 12
85 : 13
85 : 14
85 : 15
85 : 16
85 : 17
85 : 18
85 : 19
85 : 20
85 : 21
85 : 22
85 : 23
85 : 24
85 : 25
85 : 26
85 : 27
85 : 28
85 : 29
85 : 30
85 : 31
85 : 32
85 : 33
85 : 34
85 : 35
85 : 36
85 : 37
85 : 38
85 : 39
85 : 40
85 : 41
85 : 42
85 : 43
85 : 44
85 : 45
85 : 46
85 : 47
85 : 48
85 : 49
85 : 50
85 : 51
85 : 52
85 : 53
85 : 54
85 : 55
85 : 56
85 : 57
85 : 58
85 : 59
85 : 60
85 : 61
85 : 62
85 : 63
85 : 64
85 : 65
85 : 66
85 : 67
85 : 68
85 : 69
85 : 70
85 : 71
85 : 72
85 : 73
85 : 74
85 : 75
85 : 76
85 : 77
85 : 78
85 : 79
85 : 80
85 : 81
85 : 82
85 : 83
85 : 84
86 : 1
86 : 2
86 : 3
86 : 4
86 : 5
86 : 6
86 : 7
86 : 8
86 : 9
86 : 10
86 : 11
86 : 12
86 : 13
86 : 14
86 : 15
86 : 16
86 : 17
86 : 18
86 : 19
86 : 20
86 : 21
86 : 22
86 : 23
86 : 24
86 : 25
86 : 26
86 : 27
86 : 28
86 : 29
86 : 30
86 : 31
86 : 32
86 : 33
86 : 34
86 : 35
86 : 36
86 : 37
86 : 38
86 : 39
86 : 40
86 : 41
86 : 42
86 : 43
86 : 44
86 : 45
86 : 46
86 : 47
86 : 48
86 : 49
86 : 50
86 : 51
86 : 52
86 : 53
86 : 54
86 : 55
86 : 56
86 : 57
86 : 58
86 : 59
86 : 60
86 : 61
86 : 62
86 : 63
86 : 64
86 : 65
86 : 66
86 : 67
86 : 68
86 : 69
86 : 70
86 : 71
86 : 72
86 : 73
86 : 74
86 : 75
86 : 76
86 : 77
86 : 78
86 : 79
86 : 80
86 : 81
86 : 82
86 : 83
86 : 84
86 : 85
87 : 1
87 : 2
87 : 3
87 : 4
87 : 5
87 : 6
87 : 7
87 : 8
87 : 9
87 : 10
87 : 11
87 : 12
87 : 13
87 : 14
87 : 15
87 : 16
87 : 17
87 : 18
87 : 19
87 : 20
87 : 21
87 : 22
87 : 23
87 : 24
87 : 25
87 : 26
87 : 27
87 : 28
87 : 29
87 : 30
87 : 31
87 : 32
87 : 33
87 : 34
87 : 35
87 : 36
87 : 37
87 : 38
87 : 39
87 : 40
87 : 41
87 : 42
87 : 43
87 : 44
87 : 45
87 : 46
87 : 47
87 : 48
87 : 49
87 : 50
87 : 51
87 : 52
87 : 53
87 : 54
87 : 55
87 : 56
87 : 57
87 : 58
87 : 59
87 : 60
87 : 61
87 : 62
87 : 63
87 : 64
87 : 65
87 : 66
87 : 67
87 : 68
87 : 69
87 : 70
87 : 71
87 : 72
87 : 73
87 : 74
87 : 75
87 : 76
87 : 77
87 : 78
87 : 79
87 : 80
87 : 81
87 : 82
87 : 83
87 : 84
87 : 85
87 : 86
88 : 1
88 : 2
88 : 3
88 : 4
88 : 5
88 : 6
88 : 7
88 : 8
88 : 9
88 : 10
88 : 11
88 : 12
88 : 13
88 : 14
88 : 15
88 : 16
88 : 17
88 : 18
88 : 19
88 : 20
88 : 21
88 : 22
88 : 23
88 : 24
88 : 25
88 : 26
88 : 27
88 : 28
88 : 29
88 : 30
88 : 31
88 : 32
88 : 33
88 : 34
88 : 35
88 : 36
88 : 37
88 : 38
88 : 39
88 : 40
88 : 41
88 : 42
88 : 43
88 : 44
88 : 45
88 : 46
88 : 47
88 : 48
88 : 49
88 : 50
88 : 51
88 : 52
88 : 53
88 : 54
88 : 55
88 : 56
88 : 57
88 : 58
88 : 59
88 : 60
88 : 61
88 : 62
88 : 63
88 : 64
88 : 65
88 : 66
88 : 67
88 : 68
88 : 69
88 : 70
88 : 71
88 : 72
88 : 73
88 : 74
88 : 75
88 : 76
88 : 77
88 : 78
88 : 79
88 : 80
88 : 81
88 : 82
88 : 83
88 : 84
88 : 85
88 : 86
88 : 87
89 : 1
89 : 2
89 : 3
89 : 4
89 : 5
89 : 6
89 : 7
89 : 8
89 : 9
89 : 10
89 : 11
89 : 12
89 : 13
89 : 14
89 : 15
89 : 16
89 : 17
89 : 18
89 : 19
89 : 20
89 : 21
89 : 22
89 : 23
89 : 24
89 : 25
89 : 26
89 : 27
89 : 28
89 : 29
89 : 30
89 : 31
89 : 32
89 : 33
89 : 34
89 : 35
89 : 36
89 : 37
89 : 38
89 : 39
89 : 40
89 : 41
89 : 42
89 : 43
89 : 44
89 : 45
89 : 46
89 : 47
89 : 48
89 : 49
89 : 50
89 : 51
89 : 52
89 : 53
89 : 54
89 : 55
89 : 56
89 : 57
89 : 58
89 : 59
89 : 60
89 : 61
89 : 62
89 : 63
89 : 64
89 : 65
89 : 66
89 : 67
89 : 68
89 : 69
89 : 70
89 : 71
89 : 72
89 : 73
89 : 74
89 : 75
89 : 76
89 : 77
89 : 78
89 : 79
89 : 80
89 : 81
89 : 82
89 : 83
89 : 84
89 : 85
89 : 86
89 : 87
89 : 88
90 : 1
90 : 2
90 : 3
90 : 4
90 : 5
90 : 6
90 : 7
90 : 8
90 : 9
90 : 10
90 : 11
90 : 12
90 : 13
90 : 14
90 : 15
90 : 16
90 : 17
90 : 18
90 : 19
90 : 20
90 : 21
90 : 22
90 : 23
90 : 24
90 : 25
90 : 26
90 : 27
90 : 28
90 : 29
90 : 30
90 : 31
90 : 32
90 : 33
90 : 34
90 : 35
90 : 36
90 : 37
90 : 38
90 : 39
90 : 40
90 : 41
90 : 42
90 : 43
90 : 44
90 : 45
90 : 46
90 : 47
90 : 48
90 : 49
90 : 50
90 : 51
90 : 52
90 : 53
90 : 54
90 : 55
90 : 56
90 : 57
90 : 58
90 : 59
90 : 60
90 : 61
90 : 62
90 : 63
90 : 64
90 : 65
90 : 66
90 : 67
90 : 68
90 : 69
90 : 70
90 : 71
90 : 72
90 : 73
90 : 74
90 : 75
90 : 76
90 : 77
90 : 78
90 : 79
90 : 80
90 : 81
90 : 82
90 : 83
90 : 84
90 : 85
90 : 86
90 : 87
90 : 88
90 : 870 : 1
70 : 2
70 : 3
70 : 4
70 : 5
70 : 6
70 : 7
70 : 8
70 : 9
70 : 10
70 : 11
70 : 12
70 : 13
70 : 14
70 : 15
70 : 16
70 : 17
70 : 18
70 : 19
70 : 20
70 : 21
70 : 22
70 : 23
70 : 24
70 : 25
70 : 26
70 : 27
70 : 28
70 : 29
70 : 30
70 : 31
70 : 32
70 : 33
70 : 34
70 : 35
70 : 36
70 : 37
70 : 38
70 : 39
70 : 40
70 : 41
70 : 42
70 : 43
70 : 44
70 : 45
70 : 46
70 : 47
70 : 48
70 : 49
70 : 50
70 : 51
70 : 52
70 : 53
70 : 54
70 : 55
70 : 56
70 : 57
70 : 58
70 : 59
70 : 60
70 : 61
70 : 62
70 : 63
70 : 64
70 : 65
70 : 66
70 : 67
70 : 68
70 : 69
71 : 1
71 : 2
71 : 3
71 : 4
71 : 5
71 : 6
71 : 7
71 : 8
71 : 9
71 : 10
71 : 11
71 : 12
71 : 13
71 : 14
71 : 15
71 : 16
71 : 17
71 : 18
71 : 19
71 : 20
71 : 21
71 : 22
71 : 23
71 : 24
71 : 25
71 : 26
71 : 27
71 : 28
71 : 29
71 : 30
71 : 31
71 : 32
71 : 33
71 : 34
71 : 35
71 : 36
71 : 37
71 : 38
71 : 39
71 : 40
71 : 41
71 : 42
71 : 43
71 : 44
71 : 45
71 : 46
71 : 47
71 : 48
71 : 49
71 : 50
71 : 51
71 : 52
71 : 53
71 : 54
71 : 55
71 : 56
71 : 57
71 : 58
71 : 59
71 : 60
71 : 61
71 : 62
71 : 63
71 : 64
71 : 65
71 : 66
71 : 67
71 : 68
71 : 69
71 : 70
72 : 1
72 : 2
72 : 3
72 : 4
72 : 5
72 : 6
72 : 7
72 : 8
72 : 9
72 : 10
72 : 11
72 : 12
72 : 13
72 : 14
72 : 15
72 : 16
72 : 17
72 : 18
72 : 19
72 : 20
72 : 21
72 : 22
72 : 23
72 : 24
72 : 25
72 : 26
72 : 27
72 : 28
72 : 29
72 : 30
72 : 31
72 : 32
72 : 33
72 : 34
72 : 35
72 : 36
72 : 37
72 : 38
72 : 39
72 : 40
72 : 41
72 : 42
72 : 43
72 : 44
72 : 45
72 : 46
72 : 47
72 : 48
72 : 49
72 : 50
72 : 51
72 : 52
72 : 53
72 : 54
72 : 55
72 : 56
72 : 57
72 : 58
72 : 59
72 : 60
72 : 61
72 : 62
72 : 63
72 : 64
72 : 65
72 : 66
72 : 67
72 : 68
72 : 69
72 : 70
72 : 71
73 : 1
73 : 2
73 : 3
73 : 4
73 : 5
73 : 6
73 : 7
73 : 8
73 : 9
73 : 10
73 : 11
73 : 12
73 : 13
73 : 14
73 : 15
73 : 16
73 : 17
73 : 18
73 : 19
73 : 20
73 : 21
73 : 22
73 : 23
73 : 24
73 : 25
73 : 26
73 : 27
73 : 28
73 : 29
73 : 30
73 : 31
73 : 32
73 : 33
73 : 34
73 : 35
73 : 36
73 : 37
73 : 38
73 : 39
73 : 40
73 : 41
73 : 42
73 : 43
73 : 44
73 : 45
73 : 46
73 : 47
73 : 48
73 : 49
73 : 50
73 : 51
73 : 52
73 : 53
73 : 54
73 : 55
73 : 56
73 : 57
73 : 58
73 : 59
73 : 60
73 : 61
73 : 62
73 : 63
73 : 64
73 : 65
73 : 66
73 : 67
73 : 68
73 : 69
73 : 70
73 : 71
73 : 72
74 : 1
74 : 2
74 : 3
74 : 4
74 : 5
74 : 6
74 : 7
74 : 8
74 : 9
74 : 10
74 : 11
74 : 12
74 : 13
74 : 14
74 : 15
74 : 16
74 : 17
74 : 18
74 : 19
74 : 20
74 : 21
74 : 22
74 : 23
74 : 24
74 : 25
74 : 26
74 : 27
74 : 28
74 : 29
74 : 30
74 : 31
74 : 32
74 : 33
74 : 34
74 : 35
74 : 36
74 : 37
74 : 38
74 : 39
74 : 40
74 : 41
74 : 42
74 : 43
74 : 44
74 : 45
74 : 46
74 : 47
74 : 48
74 : 49
74 : 50
74 : 51
74 : 52
74 : 53
74 : 54
74 : 55
74 : 56
74 : 57
74 : 58
74 : 59
74 : 60
74 : 61
74 : 62
74 : 63
74 : 64
74 : 65
74 : 66
74 : 67
74 : 68
74 : 69
74 : 70
74 : 71
74 : 72
74 : 73
75 : 1
75 : 2
75 : 3
75 : 4
75 : 5
75 : 6
75 : 7
75 : 8
75 : 9
75 : 10
75 : 11
75 : 12
75 : 13
75 : 14
75 : 15
75 : 16
75 : 17
75 : 18
75 : 19
75 : 20
75 : 21
75 : 22
75 : 23
75 : 24
75 : 25
75 : 26
75 : 27
75 : 28
75 : 29
75 : 30
75 : 31
75 : 32
75 : 33
75 : 34
75 : 35
75 : 36
75 : 37
75 : 38
75 : 39
75 : 40
75 : 41
75 : 42
75 : 43
75 : 44
75 : 45
75 : 46
75 : 47
75 : 48
75 : 49
75 : 50
75 : 51
75 : 52
75 : 53
75 : 54
75 : 55
75 : 56
75 : 57
75 : 58
75 : 59
75 : 60
75 : 61
75 : 62
75 : 63
75 : 64
75 : 65
75 : 66
75 : 67
75 : 68
75 : 69
75 : 70
75 : 71
75 : 72
75 : 73
75 : 74
76 : 1
76 : 2
76 : 3
76 : 4
76 : 5
76 : 6
76 : 7
76 : 8
76 : 9
76 : 10
76 : 11
76 : 12
76 : 13
76 : 14
76 : 15
76 : 16
76 : 17
76 : 18
76 : 19
76 : 20
76 : 21
76 : 22
76 : 23
76 : 24
76 : 25
76 : 26
76 : 27
76 : 28
76 : 29
76 : 30
76 : 31
76 : 32
76 : 33
76 : 34
76 : 35
76 : 36
76 : 37
76 : 38
76 : 39
76 : 40
76 : 41
76 : 42
76 : 43
76 : 44
76 : 45
76 : 46
76 : 47
76 : 48
76 : 49
76 : 50
76 : 51
76 : 52
76 : 53
76 : 54
76 : 55
76 : 56
76 : 57
76 : 58
76 : 59
76 : 60
76 : 61
76 : 62
76 : 63
76 : 64
76 : 65
76 : 66
76 : 67
76 : 68
76 : 69
76 : 70
76 : 71
76 : 72
76 : 73
76 : 74
76 : 75
77 : 1
77 : 2
77 : 3
77 : 4
77 : 5
77 : 6
77 : 7
77 : 8
77 : 9
77 : 10
77 : 11
77 : 12
77 : 13
77 : 14
77 : 15
77 : 16
77 : 17
16 : 1
16 : 2
16 : 3
16 : 4
16 : 5
16 : 6
16 : 7
16 : 8
16 : 9
16 : 10
16 : 11
16 : 12
16 : 13
16 : 14
16 : 15
17 : 1
17 : 2
17 : 3
17 : 4
17 : 5
17 : 6
17 : 7
17 : 8
17 : 9
17 : 10
17 : 11
17 : 12
17 : 13
17 : 14
17 : 15
17 : 16
18 : 1
18 : 2
18 : 3
18 : 4
18 : 5
18 : 6
18 : 7
18 : 8
18 : 9
18 : 10
18 : 11
18 : 12
18 : 13
18 : 14
18 : 15
18 : 16
18 : 17
19 : 1
19 : 2
19 : 3
19 : 4
19 : 5
19 : 6
19 : 7
19 : 8
19 : 9
19 : 10
19 : 11
19 : 12
19 : 13
19 : 14
19 : 15
19 : 16
19 : 17
19 : 18
20 : 1
20 : 2
20 : 3
20 : 4
20 : 5
20 : 6
20 : 7
20 : 8
20 : 9
20 : 10
20 : 11
20 : 12
20 : 13
20 : 14
20 : 15
20 : 16
20 : 17
20 : 18
20 : 19
21 : 1
21 : 2
21 : 3
21 : 4
21 : 5
21 : 6
21 : 7
21 : 8
21 : 9
21 : 10
21 : 11
21 : 12
21 : 13
21 : 14
21 : 15
21 : 16
21 : 17
21 : 18
21 : 19
21 : 20
22 : 1
22 : 2
22 : 3
22 : 4
22 : 5
22 : 6
22 : 7
22 : 8
22 : 9
22 : 10
22 : 11
22 : 12
22 : 13
22 : 14
22 : 15
22 : 16
22 : 17
22 : 18
22 : 19
22 : 20
22 : 21
23 : 1
23 : 2
23 : 3
23 : 4
23 : 5
23 : 6
23 : 7
23 : 8
23 : 9
23 : 10
23 : 11
23 : 12
23 : 13
23 : 14
23 : 15
23 : 16
23 : 17
23 : 18
23 : 19
23 : 20
23 : 21
23 : 22
24 : 1
24 : 2
24 : 3
24 : 4
24 : 5
24 : 6
24 : 7
24 : 8
24 : 9
24 : 10
24 : 11
24 : 12
24 : 13
24 : 14
24 : 15
24 : 16
24 : 17
24 : 18
24 : 19
24 : 20
24 : 21
24 : 22
24 : 23
25 : 1
25 : 2
25 : 3
25 : 4
25 : 5
25 : 6
25 : 7
25 : 8
25 : 9
25 : 10
25 : 11
25 : 12
25 : 13
25 : 14
25 : 15
25 : 16
25 : 17
25 : 18
25 : 19
25 : 20
25 : 21
25 : 22
25 : 23
25 : 24
26 : 1
26 : 2
26 : 3
26 : 4
26 : 5
26 : 6
26 : 7
26 : 8
26 : 9
26 : 10
26 : 11
26 : 12
26 : 13
26 : 14
26 : 15
26 : 16
26 : 17
26 : 18
26 : 19
26 : 20
26 : 21
26 : 22
26 : 23
26 : 24
26 : 25
27 : 1
27 : 2
27 : 3
27 : 4
27 : 5
27 : 6
27 : 7
27 : 8
27 : 9
27 : 10
27 : 11
27 : 12
27 : 13
27 : 14
27 : 15
27 : 16
27 : 17
27 : 18
27 : 19
27 : 20
27 : 21
27 : 22
27 : 23
27 : 24
27 : 25
27 : 26
28 : 1
28 : 2
28 : 3
28 : 4
28 : 5
28 : 6
28 : 7
28 : 8
28 : 9
28 : 10
28 : 11
28 : 12
28 : 13
28 : 14
28 : 15
28 : 16
28 : 17
28 : 18
28 : 19
28 : 20
28 : 21
28 : 22
28 : 23
28 : 24
28 : 25
28 : 26
28 : 27
29 : 1
29 : 2
29 : 3
29 : 4
29 : 5
29 : 6
29 : 7
29 : 8
29 : 9
29 : 10
29 : 11
29 : 12
29 : 13
29 : 14
29 : 15
29 : 16
29 : 17
29 : 18
29 : 19
29 : 20
29 : 21
29 : 22
29 : 23
29 : 24
29 : 25
29 : 26
29 : 27
29 : 28
30 : 1
30 : 2
30 : 3
30 : 4
30 : 5
30 : 6
30 : 7
30 : 8
30 : 9
30 : 10
30 : 11
30 : 12
30 : 13
30 : 14
30 : 15
30 : 16
30 : 17
30 : 18
30 : 19
30 : 20
30 : 21
30 : 22
30 : 23
30 : 24
30 : 25
30 : 26
30 : 27
30 : 28
30 : 29
31 : 1
31 : 2
31 : 3
31 : 4
31 : 5
31 : 6
31 : 7
31 : 8
31 : 9
31 : 10
31 : 11
31 : 12
31 : 13
31 : 14
31 : 15
31 : 16
31 : 17
31 : 18
31 : 19
31 : 20
31 : 21
31 : 22
31 : 23
31 : 24
31 : 25
31 : 26
31 : 27
31 : 28
31 : 29
31 : 30
[40060 refs]
48 : 1
48 : 2
48 : 3
48 : 4
48 : 5
48 : 6
48 : 7
48 : 8
48 : 9
48 : 10
48 : 11
48 : 12
48 : 13
48 : 14
48 : 15
48 : 16
48 : 17
48 : 18
48 : 19
48 : 20
48 : 21
48 : 22
48 : 23
48 : 24
48 : 25
48 : 26
48 : 27
48 : 28
48 : 29
48 : 30
48 : 31
48 : 32
48 : 33
48 : 34
48 : 35
48 : 36
48 : 37
48 : 38
48 : 39
48 : 40
48 : 41
48 : 42
48 : 43
48 : 44
48 : 45
48 : 46
48 : 47
49 : 1
49 : 2
49 : 3
49 : 4
49 : 5
49 : 6
49 : 7
49 : 8
49 : 9
49 : 10
49 : 11
49 : 12
49 : 13
49 : 14
49 : 15
49 : 16
49 : 17
49 : 18
49 : 19
49 : 20
49 : 21
49 : 22
49 : 23
49 : 24
49 : 25
49 : 26
49 : 27
49 : 28
49 : 29
49 : 30
49 : 31
49 : 32
49 : 33
49 : 34
49 : 35
49 : 36
49 : 37
49 : 38
49 : 39
49 : 40
49 : 41
49 : 42
49 : 43
49 : 44
49 : 45
49 : 46
49 : 47
49 : 48
50 : 1
50 : 2
50 : 3
50 : 4
50 : 5
50 : 6
50 : 7
50 : 8
50 : 9
50 : 10
50 : 11
50 : 12
50 : 13
50 : 14
50 : 15
50 : 16
50 : 17
50 : 18
50 : 19
50 : 20
50 : 21
50 : 22
50 : 23
50 : 24
50 : 25
50 : 26
50 : 27
50 : 28
50 : 29
50 : 30
50 : 31
50 : 32
50 : 33
50 : 34
50 : 35
50 : 36
50 : 37
50 : 38
50 : 39
50 : 40
50 : 41
50 : 42
50 : 43
50 : 44
50 : 45
50 : 46
50 : 47
50 : 48
50 : 49
51 : 1
51 : 2
51 : 3
51 : 4
51 : 5
51 : 6
51 : 7
51 : 8
51 : 9
51 : 10
51 : 11
51 : 12
51 : 13
51 : 14
51 : 15
51 : 16
51 : 17
51 : 18
51 : 19
51 : 20
51 : 21
51 : 22
51 : 23
51 : 24
51 : 25
51 : 26
51 : 27
51 : 28
51 : 29
51 : 30
51 : 31
51 : 32
51 : 33
51 : 34
51 : 35
51 : 36
51 : 37
51 : 38
51 : 39
51 : 40
51 : 41
51 : 42
51 : 43
51 : 44
51 : 45
51 : 46
51 : 47
51 : 48
51 : 49
51 : 50
52 : 1
52 : 2
52 : 3
52 : 4
52 : 5
52 : 6
52 : 7
52 : 8
52 : 9
52 : 10
52 : 11
52 : 12
52 : 13
52 : 14
52 : 15
52 : 16
52 : 17
52 : 18
52 : 19
52 : 20
52 : 21
52 : 22
52 : 23
52 : 24
52 : 25
52 : 26
52 : 27
52 : 28
52 : 29
52 : 30
52 : 31
52 : 32
52 : 33
52 : 34
52 : 35
52 : 36
52 : 37
52 : 38
52 : 39
52 : 40
52 : 41
52 : 42
52 : 43
52 : 44
52 : 45
52 : 46
52 : 47
52 : 48
52 : 49
52 : 50
52 : 51
53 : 1
53 : 2
53 : 3
53 : 4
53 : 5
53 : 6
53 : 7
53 : 8
53 : 9
53 : 10
53 : 11
53 : 12
53 : 13
53 : 14
53 : 15
53 : 16
53 : 17
53 : 18
53 : 19
53 : 20
53 : 21
53 : 22
53 : 23
53 : 24
53 : 25
53 : 26
53 : 27
53 : 28
53 : 29
53 : 30
53 : 31
53 : 32
53 : 33
53 : 34
53 : 35
53 : 36
53 : 37
53 : 38
53 : 39
53 : 40
53 : 41
53 : 42
53 : 43
53 : 44
53 : 45
53 : 46
53 : 47
53 : 48
53 : 49
53 : 50
53 : 51
53 : 52
54 : 1
54 : 2
54 : 3
54 : 4
54 : 5
54 : 6
54 : 7
54 : 8
54 : 9
54 : 10
54 : 11
54 : 12
54 : 13
54 : 14
54 : 15
54 : 16
54 : 17
54 : 18
54 : 19
54 : 20
54 : 21
54 : 22
54 : 23
54 : 24
54 : 25
54 : 26
54 : 27
54 : 28
54 : 29
54 : 30
54 : 31
54 : 32
54 : 33
54 : 34
54 : 35
54 : 36
54 : 37
54 : 38
54 : 39
54 : 40
54 : 41
54 : 42
54 : 43
54 : 44
54 : 45
54 : 46
54 : 47
54 : 48
54 : 49
54 : 50
54 : 51
54 : 52
54 : 53
55 : 1
55 : 2
55 : 3
55 : 4
55 : 5
55 : 6
55 : 7
55 : 8
55 : 9
55 : 10
55 : 11
55 : 12
55 : 13
55 : 14
55 : 15
55 : 16
55 : 17
55 : 18
55 : 19
55 : 20
55 : 21
55 : 22
55 : 23
55 : 24
55 : 25
55 : 26
55 : 27
55 : 28
55 : 29
55 : 30
55 : 31
55 : 32
55 : 33
55 : 34
55 : 35
55 : 36
55 : 37
55 : 38
55 : 39
55 : 40
55 : 41
55 : 42
55 : 43
55 : 44
55 : 45
55 : 46
55 : 47
55 : 48
55 : 49
55 : 50
55 : 51
55 : 52
55 : 53
55 : 54
56 : 1
56 : 2
56 : 3
56 : 4
56 : 5
56 : 6
56 : 7
56 : 8
56 : 9
56 : 10
56 : 11
56 : 12
56 : 13
56 : 14
56 : 15
56 : 16
56 : 17
56 : 18
56 : 19
56 : 20
56 : 21
56 : 22
56 : 23
56 : 24
56 : 25
56 : 26
56 : 27
56 : 28
56 : 29
56 : 30
56 : 31
56 : 32
56 : 33
56 : 34
56 : 35
56 : 36
56 : 37
56 : 38
56 : 39
56 : 40
56 : 41
56 : 42
56 : 43
56 : 44
56 : 45
56 : 46
56 : 47
56 : 48
56 : 49
56 : 50
56 : 51
56 : 52
56 : 53
56 : 54
56 : 55
57 : 1
57 : 2
57 : 3
57 : 4
57 : 5
57 : 6
57 : 7
57 : 8
57 : 9
57 : 10
57 : 11
57 : 12
57 : 13
57 : 14
57 : 15
57 : 16
57 : 17
57 : 18
57 : 19
57 : 20
57 : 21
57 : 22
57 : 23
57 : 24
57 : 25
57 : 26
57 : 27
57 : 28
57 : 29
57 : 30
57 : 31
57 : 32
57 : 33
57 : 34
57 : 35
57 : 36
57 : 37
57 : 38
57 : 39
57 : 40
57 : 41
57 : 42
57 : 43
57 : 44
57 : 45
57 : 46
57 : 47
57 : 48
57 : 49
57 : 50
57 : 51
57 : 52
57 : 53
57 : 54
57 : 55
57 : 56
58 : 1
58 : 2
58 : 3
58 : 4
58 : 5
58 : 6
58 : 7
58 : 8
58 : 9
58 14 : 11
214 : 12
214 : 13
214 : 14
214 : 15
214 : 16
214 : 17
214 : 18
214 : 19
214 : 20
214 : 21
214 : 22
214 : 23
214 : 24
214 : 25
214 : 26
214 : 27
214 : 28
214 : 29
214 : 30
214 : 31
214 : 32
214 : 33
214 : 34
214 : 35
214 : 36
214 : 37
214 : 38
214 : 39
214 : 40
214 : 41
214 : 42
214 : 43
214 : 44
214 : 45
214 : 46
214 : 47
214 : 48
214 : 49
214 : 50
214 : 51
214 : 52
214 : 53
214 : 54
214 : 55
214 : 56
214 : 57
214 : 58
214 : 59
214 : 60
214 : 61
214 : 62
214 : 63
214 : 64
214 : 65
214 : 66
214 : 67
214 : 68
214 : 69
214 : 70
214 : 71
214 : 72
214 : 73
214 : 74
214 : 75
214 : 76
214 : 77
214 : 78
214 : 79
214 : 80
214 : 81
214 : 82
214 : 83
214 : 84
214 : 85
214 : 86
214 : 87
214 : 88
214 : 89
214 : 90
214 : 91
214 : 92
214 : 93
214 : 94
214 : 95
214 : 96
214 : 97
214 : 98
214 : 99
214 : 100
214 : 101
214 : 102
214 : 103
214 : 104
214 : 105
214 : 106
214 : 107
214 : 108
214 : 109
214 : 110
214 : 111
214 : 112
214 : 113
214 : 114
214 : 115
214 : 116
214 : 117
214 : 118
214 : 119
214 : 120
214 : 121
214 : 122
214 : 123
214 : 124
214 : 125
214 : 126
214 : 127
214 : 128
214 : 129
214 : 130
214 : 131
214 : 132
214 : 133
214 : 134
214 : 135
214 : 136
214 : 137
214 : 138
214 : 139
214 : 140
214 : 141
214 : 142
214 : 143
214 : 144
214 : 145
214 : 146
214 : 147
214 : 148
214 : 149
214 : 150
214 : 151
214 : 152
214 : 153
214 : 154
214 : 155
214 : 156
214 : 157
214 : 158
214 : 159
214 : 160
214 : 161
214 : 162
214 : 163
214 : 164
214 : 165
214 : 166
214 : 167
214 : 168
214 : 169
214 : 170
214 : 171
214 : 172
214 : 173
214 : 174
214 : 175
214 : 176
214 : 177
214 : 178
214 : 179
214 : 180
214 : 181
214 : 182
214 : 183
214 : 184
214 : 185
214 : 186
214 : 187
214 : 188
214 : 189
214 : 190
214 : 191
214 : 192
214 : 193
214 : 194
214 : 195
214 : 196
214 : 197
214 : 198
214 : 199
214 : 200
214 : 201
214 : 202
214 : 203
214 : 204
214 : 205
214 : 206
214 : 207
214 : 208
214 : 209
214 : 210
214 : 211
214 : 212
214 : 213
215 : 1
215 : 2
215 : 3
215 : 4
215 : 5
215 : 6
215 : 7
215 : 8
215 : 9
215 : 10
215 : 11
215 : 12
215 : 13
215 : 14
215 : 15
215 : 16
215 : 17
215 : 18
215 : 19
215 : 20
215 : 21
215 : 22
215 : 23
215 : 24
215 : 25
215 : 26
215 : 27
215 : 28
215 : 29
215 : 30
215 : 31
215 : 32
215 : 33
215 : 34
215 : 35
215 : 36
215 : 37
215 : 38
215 : 39
215 : 40
215 : 41
215 : 42
215 : 43
215 : 44
215 : 45
215 : 46
215 : 47
215 : 48
215 : 49
215 : 50
215 : 51
215 : 52
215 : 53
215 : 54
215 : 55
215 : 56
215 : 57
215 : 58
215 : 59
215 : 60
215 : 61
215 : 62
215 : 63
215 : 64
215 : 65
215 : 66
215 : 67
215 : 68
215 : 69
215 : 70
215 : 71
215 : 72
215 : 73
215 : 74
215 : 75
215 : 76
215 : 77
215 : 78
215 : 79
215 : 80
215 : 81
215 : 82
215 : 83
215 : 84
215 : 85
215 : 86
215 : 87
215 : 88
215 : 89
215 : 90
215 : 91
215 : 92
215 : 93
215 : 94
215 : 95
215 : 96
215 : 97
215 : 98
215 : 99
215 : 100
215 : 101
215 : 102
215 : 103
215 : 104
215 : 105
215 : 106
215 : 107
215 : 108
215 : 109
215 : 110
215 : 111
215 : 112
215 : 113
215 : 114
215 : 115
215 : 116
215 : 117
215 : 118
215 : 119
215 : 120
215 : 121
215 : 122
215 : 123
215 : 124
215 : 125
215 : 126
215 : 127
215 : 128
215 : 129
215 : 130
215 : 131
215 : 132
215 : 133
215 : 134
215 : 135
215 : 136
215 : 137
215 : 138
215 : 139
215 : 140
215 : 141
215 : 142
215 : 143
215 : 144
215 : 145
215 : 146
215 : 147
215 : 148
215 : 149
215 : 150
215 : 151
215 : 152
215 : 153
215 : 154
215 : 155
215 : 156
215 : 157
215 : 158
215 : 159
215 : 160
215 : 161
215 : 162
215 : 163
215 : 164
215 : 165
215 : 166
215 : 167
215 : 168
215 : 169
215 : 170
215 : 171
215 : 172
215 : 173
215 : 174
215 : 175
215 : 176
215 : 177
215 : 178
215 : 179
215 : 180
215 : 181
215 : 182
215 : 183
215 : 184
215 : 185
215 : 186
215 : 187
215 : 188
215 : 189
215 : 190
215 : 191
215 : 192
215 : 193
215 : 194
215 : 195
215 : 196
215 : 197
215 : 198
215 : 199
215 : 200
215 : 201
215 : 202
215 : 203
215 : 204
215 : 205
215 : 206
215 : 207
215 : 208
215 : 209
215 : 210
215 : 211
215 : 212
215 : 213
215 : 214
216 : 1
216 : 2
216 : 3
216 : 4
216 : 5
216 : 6
216 : 7
216 : 8
216 : 9
216 : 10
216 : 11
216 : 12
216 : 13
216 : 14
216 : 19 : 22
209 : 23
209 : 24
209 : 25
209 : 26
209 : 27
209 : 28
209 : 29
209 : 30
209 : 31
209 : 32
209 : 33
209 : 34
209 : 35
209 : 36
209 : 37
209 : 38
209 : 39
209 : 40
209 : 41
209 : 42
209 : 43
209 : 44
209 : 45
209 : 46
209 : 47
209 : 48
209 : 49
209 : 50
209 : 51
209 : 52
209 : 53
209 : 54
209 : 55
209 : 56
209 : 57
209 : 58
209 : 59
209 : 60
209 : 61
209 : 62
209 : 63
209 : 64
209 : 65
209 : 66
209 : 67
209 : 68
209 : 69
209 : 70
209 : 71
209 : 72
209 : 73
209 : 74
209 : 75
209 : 76
209 : 77
209 : 78
209 : 79
209 : 80
209 : 81
209 : 82
209 : 83
209 : 84
209 : 85
209 : 86
209 : 87
209 : 88
209 : 89
209 : 90
209 : 91
209 : 92
209 : 93
209 : 94
209 : 95
209 : 96
209 : 97
209 : 98
209 : 99
209 : 100
209 : 101
209 : 102
209 : 103
209 : 104
209 : 105
209 : 106
209 : 107
209 : 108
209 : 109
209 : 110
209 : 111
209 : 112
209 : 113
209 : 114
209 : 115
209 : 116
209 : 117
209 : 118
209 : 119
209 : 120
209 : 121
209 : 122
209 : 123
209 : 124
209 : 125
209 : 126
209 : 127
209 : 128
209 : 129
209 : 130
209 : 131
209 : 132
209 : 133
209 : 134
209 : 135
209 : 136
209 : 137
209 : 138
209 : 139
209 : 140
209 : 141
209 : 142
209 : 143
209 : 144
209 : 145
209 : 146
209 : 147
209 : 148
209 : 149
209 : 150
209 : 151
209 : 152
209 : 153
209 : 154
209 : 155
209 : 156
209 : 157
209 : 158
209 : 159
209 : 160
209 : 161
209 : 162
209 : 163
209 : 164
209 : 165
209 : 166
209 : 167
209 : 168
209 : 169
209 : 170
209 : 171
209 : 172
209 : 173
209 : 174
209 : 175
209 : 176
209 : 177
209 : 178
209 : 179
209 : 180
209 : 181
209 : 182
209 : 183
209 : 184
209 : 185
209 : 186
209 : 187
209 : 188
209 : 189
209 : 190
209 : 191
209 : 192
209 : 193
209 : 194
209 : 195
209 : 196
209 : 197
209 : 198
209 : 199
209 : 200
209 : 201
209 : 202
209 : 203
209 : 204
209 : 205
209 : 206
209 : 207
209 : 208
210 : 1
210 : 2
210 : 3
210 : 4
210 : 5
210 : 6
210 : 7
210 : 8
210 : 9
210 : 10
210 : 11
210 : 12
210 : 13
210 : 14
210 : 15
210 : 16
210 : 17
210 : 18
210 : 19
210 : 20
210 : 21
210 : 22
210 : 23
210 : 24
210 : 25
210 : 26
210 : 27
210 : 28
210 : 29
210 : 30
210 : 31
210 : 32
210 : 33
210 : 34
210 : 35
210 : 36
210 : 37
210 : 38
210 : 39
210 : 40
210 : 41
210 : 42
210 : 43
210 : 44
210 : 45
210 : 46
210 : 47
210 : 48
210 : 49
210 : 50
210 : 51
210 : 52
210 : 53
210 : 54
210 : 55
210 : 56
210 : 57
210 : 58
210 : 59
210 : 60
210 : 61
210 : 62
210 : 63
210 : 64
210 : 65
210 : 66
210 : 67
210 : 68
210 : 69
210 : 70
210 : 71
210 : 72
210 : 73
210 : 74
210 : 75
210 : 76
210 : 77
210 : 78
210 : 79
210 : 80
210 : 81
210 : 82
210 : 83
210 : 84
210 : 85
210 : 86
210 : 87
210 : 88
210 : 89
210 : 90
210 : 91
210 : 92
210 : 93
210 : 94
210 : 95
210 : 96
210 : 97
210 : 98
210 : 99
210 : 100
210 : 101
210 : 102
210 : 103
210 : 104
210 : 105
210 : 106
210 : 107
210 : 108
210 : 109
210 : 110
210 : 111
210 : 112
210 : 113
210 : 114
210 : 115
210 : 116
210 : 117
210 : 118
210 : 119
210 : 120
210 : 121
210 : 122
210 : 123
210 : 124
210 : 125
210 : 126
210 : 127
210 : 128
210 : 129
210 : 130
210 : 131
210 : 132
210 : 133
210 : 134
210 : 135
210 : 136
210 : 137
210 : 138
210 : 139
210 : 140
210 : 141
210 : 142
210 : 143
210 : 144
210 : 145
210 : 146
210 : 147
210 : 148
210 : 149
210 : 150
210 : 151
210 : 152
210 : 153
210 : 154
210 : 155
210 : 156
210 : 157
210 : 158
210 : 159
210 : 160
210 : 161
210 : 162
210 : 163
210 : 164
210 : 165
210 : 166
210 : 167
210 : 168
210 : 169
210 : 170
210 : 171
210 : 172
210 : 173
210 : 174
210 : 175
210 : 176
210 : 177
210 : 178
210 : 179
210 : 180
210 : 181
210 : 182
210 : 183
210 : 184
210 : 185
210 : 186
210 : 187
210 : 188
210 : 189
210 : 190
210 : 191
210 : 192
210 : 193
210 : 194
210 : 195
210 : 196
210 : 197
210 : 198
210 : 199
210 : 200
210 : 201
210 : 202
210 : 203
210 : 204
210 : 205
210 : 206
210 : 207
210 : 208
210 : 209
211 : 1
211 : 2
211 : 3
211 : 4
211 : 5
211 : 6
211 : 7
211 : 8
211 : 9
211 : 10
211 : 11
211 : 12
211 : 13
211 : 14
211 : 15
211 : 16
211 : 17
211 : 18
211 : 19
211 : 20
211 : 21
211 : 22
211 : 23
211 : 24
211 : 25
211 : 26
211 : 27
211 : 28
211 : 29
211 : 30
211 : 31
211 : 32
211 : 33
211 : 34
211 : 35
211 : 36
211 : 37
162 : 124
162 : 125
162 : 126
162 : 127
162 : 128
162 : 129
162 : 130
162 : 131
162 : 132
162 : 133
162 : 134
162 : 135
162 : 136
162 : 137
162 : 138
162 : 139
162 : 140
162 : 141
162 : 142
162 : 143
162 : 144
162 : 145
162 : 146
162 : 147
162 : 148
162 : 149
162 : 150
162 : 151
162 : 152
162 : 153
162 : 154
162 : 155
162 : 156
162 : 157
162 : 158
162 : 159
162 : 160
162 : 161
163 : 1
163 : 2
163 : 3
163 : 4
163 : 5
163 : 6
163 : 7
163 : 8
163 : 9
163 : 10
163 : 11
163 : 12
163 : 13
163 : 14
163 : 15
163 : 16
163 : 17
163 : 18
163 : 19
163 : 20
163 : 21
163 : 22
163 : 23
163 : 24
163 : 25
163 : 26
163 : 27
163 : 28
163 : 29
163 : 30
163 : 31
163 : 32
163 : 33
163 : 34
163 : 35
163 : 36
163 : 37
163 : 38
163 : 39
163 : 40
163 : 41
163 : 42
163 : 43
163 : 44
163 : 45
163 : 46
163 : 47
163 : 48
163 : 49
163 : 50
163 : 51
163 : 52
163 : 53
163 : 54
163 : 55
163 : 56
163 : 57
163 : 58
163 : 59
163 : 60
163 : 61
163 : 62
163 : 63
163 : 64
163 : 65
163 : 66
163 : 67
163 : 68
163 : 69
163 : 70
163 : 71
163 : 72
163 : 73
163 : 74
163 : 75
163 : 76
163 : 77
163 : 78
163 : 79
163 : 80
163 : 81
163 : 82
163 : 83
163 : 84
163 : 85
163 : 86
163 : 87
163 : 88
163 : 89
163 : 90
163 : 91
163 : 92
163 : 93
163 : 94
163 : 95
163 : 96
163 : 97
163 : 98
163 : 99
163 : 100
163 : 101
163 : 102
163 : 103
163 : 104
163 : 105
163 : 106
163 : 107
163 : 108
163 : 109
163 : 110
163 : 111
163 : 112
163 : 113
163 : 114
163 : 115
163 : 116
163 : 117
163 : 118
163 : 119
163 : 120
163 : 121
163 : 122
163 : 123
163 : 124
163 : 125
163 : 126
163 : 127
163 : 128
163 : 129
163 : 130
163 : 131
163 : 132
163 : 133
163 : 134
163 : 135
163 : 136
163 : 137
163 : 138
163 : 139
163 : 140
163 : 141
163 : 142
163 : 143
163 : 144
163 : 145
163 : 146
163 : 147
163 : 148
163 : 149
163 : 150
163 : 151
163 : 152
163 : 153
163 : 154
163 : 155
163 : 156
163 : 157
163 : 158
163 : 159
163 : 160
163 : 161
163 : 162
164 : 1
164 : 2
164 : 3
164 : 4
164 : 5
164 : 6
164 : 7
164 : 8
164 : 9
164 : 10
164 : 11
164 : 12
164 : 13
164 : 14
164 : 15
164 : 16
164 : 17
164 : 18
164 : 19
164 : 20
164 : 21
164 : 22
164 : 23
164 : 24
164 : 25
164 : 26
164 : 27
164 : 28
164 : 29
164 : 30
164 : 31
164 : 32
164 : 33
164 : 34
164 : 35
164 : 36
164 : 37
164 : 38
164 : 39
164 : 40
164 : 41
164 : 42
164 : 43
164 : 44
164 : 45
164 : 46
164 : 47
164 : 48
164 : 49
164 : 50
164 : 51
164 : 52
164 : 53
164 : 54
164 : 55
164 : 56
164 : 57
164 : 58
164 : 59
164 : 60
164 : 61
164 : 62
164 : 63
164 : 64
164 : 65
164 : 66
164 : 67
164 : 68
164 : 69
164 : 70
164 : 71
164 : 72
164 : 73
164 : 74
164 : 75
164 : 76
164 : 77
164 : 78
164 : 79
164 : 80
164 : 81
164 : 82
164 : 83
164 : 84
164 : 85
164 : 86
164 : 87
164 : 88
164 : 89
164 : 90
164 : 91
164 : 92
164 : 93
164 : 94
164 : 95
164 : 96
164 : 97
164 : 98
164 : 99
164 : 100
164 : 101
164 : 102
164 : 103
164 : 104
164 : 105
164 : 106
164 : 107
164 : 108
164 : 109
164 : 110
164 : 111
164 : 112
164 : 113
164 : 114
164 : 115
164 : 116
164 : 117
164 : 118
164 : 119
164 : 120
164 : 121
164 : 122
164 : 123
164 : 124
164 : 125
164 : 126
164 : 127
164 : 128
164 : 129
164 : 130
164 : 131
164 : 132
164 : 133
164 : 134
164 : 135
164 : 136
164 : 137
164 : 138
164 : 139
164 : 140
164 : 141
164 : 142
164 : 143
164 : 144
164 : 145
164 : 146
164 : 147
164 : 148
164 : 149
164 : 150
164 : 151
164 : 152
164 : 153
164 : 154
164 : 155
164 : 156
164 : 157
164 : 158
164 : 159
164 : 160
164 : 161
164 : 162
164 : 163
165 : 1
165 : 2
165 : 3
165 : 4
165 : 5
165 : 6
165 : 7
165 : 8
165 : 9
165 : 10
165 : 11
165 : 12
165 : 13
165 : 14
165 : 15
165 : 16
165 : 17
165 : 18
165 : 19
165 : 20
165 : 21
165 : 22
165 : 23
165 : 24
165 : 25
165 : 26
165 : 27
165 : 28
165 : 29
165 : 30
165 : 31
165 : 32
165 : 33
165 : 34
165 : 35
165 : 36
165 : 37
165 : 38
165 : 39
165 : 40
165 : 41
165 : 42
165 : 43
165 : 44
165 : 45
165 : 46
165 : 47
165 : 48
165 : 49
165 : 50
165 : 51
165 : 52
165 : 53
165 : 54
165 : 55
165 : 56
165 : 57
165 : 58
165 : 59
165 : 60
165 : 61
165 : 62
165 : 63
165 : 64
165 : 65
165 : 66
165 : 67
165 : 68
165 : 69
165 : 70
165 : 71
165 : 72
165 : 73
165 : 74
165 : 75
165 : 76
165 : 7